-------------------------------------
 External Hold Repair Report 
-------------------------------------
 Iteration 1  
 Total I/O input ports improved: 0       
-------------------------------------



-------------------------
 Min-delay Repair Report 
-------------------------
 Iteration 1  
 Total paths eligible for improvement: 27      
 Total paths improved: 27      
-------------------------

Path 1
------------------------
From: EvalSandbox_MSS_0/CORECONFIGP_0/pwdata[0]:CLK
  To: EvalSandbox_MSS_0/EvalSandbox_MSS_MSS_0/MSS_ADLIB_INST/INST_MSS_010_IP:MDDR_FABRIC_PWDATA[0]
Operating Conditions: WORST
------------------------
Path min-delay slack:     -1137 ps
------------------------
  On sink pin: EvalSandbox_MSS_0/EvalSandbox_MSS_MSS_0/MSS_ADLIB_INST/IP_INTERFACE_276:A
-------------------------------------
  Pin max-delay slack:    39491 ps
  Min-delay inserted:      1189 ps ( Estimated )
  ----------------------------
  Delay buffers inserted before the sink:
      mdr_EvalSandbox_MSS_0/EvalSandbox_MSS_MSS_0/MSS_ADLIB_INST/IP_INTERFACE_276_CFG1C_TEST
      mdr_EvalSandbox_MSS_0/EvalSandbox_MSS_MSS_0/MSS_ADLIB_INST/IP_INTERFACE_276_CFG1D_TEST


Path 2
------------------------
From: EvalSandbox_MSS_0/CORECONFIGP_0/paddr[2]:CLK
  To: EvalSandbox_MSS_0/EvalSandbox_MSS_MSS_0/MSS_ADLIB_INST/INST_MSS_010_IP:MDDR_FABRIC_PADDR[2]
Operating Conditions: WORST
------------------------
Path min-delay slack:     -1102 ps
------------------------
  On sink pin: EvalSandbox_MSS_0/EvalSandbox_MSS_MSS_0/MSS_ADLIB_INST/IP_INTERFACE_279:A
-------------------------------------
  Pin max-delay slack:    39449 ps
  Min-delay inserted:      1158 ps ( Estimated )
  ----------------------------
  Delay buffers inserted before the sink:
      mdr_EvalSandbox_MSS_0/EvalSandbox_MSS_MSS_0/MSS_ADLIB_INST/IP_INTERFACE_279_CFG1C_TEST
      mdr_EvalSandbox_MSS_0/EvalSandbox_MSS_MSS_0/MSS_ADLIB_INST/IP_INTERFACE_279_CFG1D_TEST


Path 3
------------------------
From: EvalSandbox_MSS_0/CORECONFIGP_0/pwdata[15]:CLK
  To: EvalSandbox_MSS_0/EvalSandbox_MSS_MSS_0/MSS_ADLIB_INST/INST_MSS_010_IP:MDDR_FABRIC_PWDATA[15]
Operating Conditions: WORST
------------------------
Path min-delay slack:     -1073 ps
------------------------
  On sink pin: EvalSandbox_MSS_0/EvalSandbox_MSS_MSS_0/MSS_ADLIB_INST/IP_INTERFACE_276:C
-------------------------------------
  Pin max-delay slack:    40452 ps
  Min-delay inserted:      1109 ps ( Estimated )
  ----------------------------
  Delay buffers inserted before the sink:
      mdr_EvalSandbox_MSS_0/EvalSandbox_MSS_MSS_0/MSS_ADLIB_INST/IP_INTERFACE_276_CFG1D_TEST1
      mdr_EvalSandbox_MSS_0/EvalSandbox_MSS_MSS_0/MSS_ADLIB_INST/IP_INTERFACE_276_CFG1D_TEST0


Path 4
------------------------
From: EvalSandbox_MSS_0/CORECONFIGP_0/pwdata[5]:CLK
  To: EvalSandbox_MSS_0/EvalSandbox_MSS_MSS_0/MSS_ADLIB_INST/INST_MSS_010_IP:MDDR_FABRIC_PWDATA[5]
Operating Conditions: WORST
------------------------
Path min-delay slack:     -1069 ps
------------------------
  On sink pin: EvalSandbox_MSS_0/EvalSandbox_MSS_MSS_0/MSS_ADLIB_INST/IP_INTERFACE_278:B
-------------------------------------
  Pin max-delay slack:    40461 ps
  Min-delay inserted:      1123 ps ( Estimated )
  ----------------------------
  Delay buffers inserted before the sink:
      mdr_EvalSandbox_MSS_0/EvalSandbox_MSS_MSS_0/MSS_ADLIB_INST/IP_INTERFACE_278_CFG1D_TEST0
      mdr_EvalSandbox_MSS_0/EvalSandbox_MSS_MSS_0/MSS_ADLIB_INST/IP_INTERFACE_278_CFG1D_TEST


Path 5
------------------------
From: EvalSandbox_MSS_0/CORECONFIGP_0/pwdata[3]:CLK
  To: EvalSandbox_MSS_0/EvalSandbox_MSS_MSS_0/MSS_ADLIB_INST/INST_MSS_010_IP:MDDR_FABRIC_PWDATA[3]
Operating Conditions: WORST
------------------------
Path min-delay slack:     -1068 ps
------------------------
  On sink pin: EvalSandbox_MSS_0/EvalSandbox_MSS_MSS_0/MSS_ADLIB_INST/IP_INTERFACE_276:B
-------------------------------------
  Pin max-delay slack:    39951 ps
  Min-delay inserted:      1141 ps ( Estimated )
  ----------------------------
  Delay buffers inserted before the sink:
      mdr_EvalSandbox_MSS_0/EvalSandbox_MSS_MSS_0/MSS_ADLIB_INST/IP_INTERFACE_276_CFG1A_TEST
      mdr_EvalSandbox_MSS_0/EvalSandbox_MSS_MSS_0/MSS_ADLIB_INST/IP_INTERFACE_276_CFG1D_TEST2


Path 6
------------------------
From: EvalSandbox_MSS_0/CORECONFIGP_0/pwdata[6]:CLK
  To: EvalSandbox_MSS_0/EvalSandbox_MSS_MSS_0/MSS_ADLIB_INST/INST_MSS_010_IP:MDDR_FABRIC_PWDATA[6]
Operating Conditions: WORST
------------------------
Path min-delay slack:     -1058 ps
------------------------
  On sink pin: EvalSandbox_MSS_0/EvalSandbox_MSS_MSS_0/MSS_ADLIB_INST/IP_INTERFACE_279:B
-------------------------------------
  Pin max-delay slack:    40200 ps
  Min-delay inserted:      1119 ps ( Estimated )
  ----------------------------
  Delay buffers inserted before the sink:
      mdr_EvalSandbox_MSS_0/EvalSandbox_MSS_MSS_0/MSS_ADLIB_INST/IP_INTERFACE_279_CFG1A_TEST
      mdr_EvalSandbox_MSS_0/EvalSandbox_MSS_MSS_0/MSS_ADLIB_INST/IP_INTERFACE_279_CFG1D_TEST0


Path 7
------------------------
From: EvalSandbox_MSS_0/CORECONFIGP_0/paddr[4]:CLK
  To: EvalSandbox_MSS_0/EvalSandbox_MSS_MSS_0/MSS_ADLIB_INST/INST_MSS_010_IP:MDDR_FABRIC_PADDR[4]
Operating Conditions: WORST
------------------------
Path min-delay slack:     -1052 ps
------------------------
  On sink pin: EvalSandbox_MSS_0/EvalSandbox_MSS_MSS_0/MSS_ADLIB_INST/IP_INTERFACE_281:A
-------------------------------------
  Pin max-delay slack:    39179 ps
  Min-delay inserted:      1106 ps ( Estimated )
  ----------------------------
  Delay buffers inserted before the sink:
      mdr_EvalSandbox_MSS_0/EvalSandbox_MSS_MSS_0/MSS_ADLIB_INST/IP_INTERFACE_281_CFG1C_TEST
      mdr_EvalSandbox_MSS_0/EvalSandbox_MSS_MSS_0/MSS_ADLIB_INST/IP_INTERFACE_281_CFG1D_TEST


Path 8
------------------------
From: EvalSandbox_MSS_0/CORECONFIGP_0/pwdata[2]:CLK
  To: EvalSandbox_MSS_0/EvalSandbox_MSS_MSS_0/MSS_ADLIB_INST/INST_MSS_010_IP:MDDR_FABRIC_PWDATA[2]
Operating Conditions: WORST
------------------------
Path min-delay slack:     -1043 ps
------------------------
  On sink pin: EvalSandbox_MSS_0/EvalSandbox_MSS_MSS_0/MSS_ADLIB_INST/IP_INTERFACE_278:A
-------------------------------------
  Pin max-delay slack:    40032 ps
  Min-delay inserted:      1114 ps ( Estimated )
  ----------------------------
  Delay buffers inserted before the sink:
      mdr_EvalSandbox_MSS_0/EvalSandbox_MSS_MSS_0/MSS_ADLIB_INST/IP_INTERFACE_278_CFG1C_TEST
      mdr_EvalSandbox_MSS_0/EvalSandbox_MSS_MSS_0/MSS_ADLIB_INST/IP_INTERFACE_278_CFG1D_TEST1


Path 9
------------------------
From: EvalSandbox_MSS_0/CORECONFIGP_0/pwdata[13]:CLK
  To: EvalSandbox_MSS_0/EvalSandbox_MSS_MSS_0/MSS_ADLIB_INST/INST_MSS_010_IP:MDDR_FABRIC_PWDATA[13]
Operating Conditions: WORST
------------------------
Path min-delay slack:     -1025 ps
------------------------
  On sink pin: EvalSandbox_MSS_0/EvalSandbox_MSS_MSS_0/MSS_ADLIB_INST/IP_INTERFACE_286:B
-------------------------------------
  Pin max-delay slack:    40431 ps
  Min-delay inserted:      1034 ps ( Estimated )
  ----------------------------
  Delay buffers inserted before the sink:
      mdr_EvalSandbox_MSS_0/EvalSandbox_MSS_MSS_0/MSS_ADLIB_INST/IP_INTERFACE_286_CFG1C_TEST
      mdr_EvalSandbox_MSS_0/EvalSandbox_MSS_MSS_0/MSS_ADLIB_INST/IP_INTERFACE_286_CFG1D_TEST


Path 10
------------------------
From: EvalSandbox_MSS_0/CORECONFIGP_0/pwdata[12]:CLK
  To: EvalSandbox_MSS_0/EvalSandbox_MSS_MSS_0/MSS_ADLIB_INST/INST_MSS_010_IP:MDDR_FABRIC_PWDATA[12]
Operating Conditions: WORST
------------------------
Path min-delay slack:     -1012 ps
------------------------
  On sink pin: EvalSandbox_MSS_0/EvalSandbox_MSS_MSS_0/MSS_ADLIB_INST/IP_INTERFACE_285:B
-------------------------------------
  Pin max-delay slack:    40331 ps
  Min-delay inserted:      1033 ps ( Estimated )
  ----------------------------
  Delay buffers inserted before the sink:
      mdr_EvalSandbox_MSS_0/EvalSandbox_MSS_MSS_0/MSS_ADLIB_INST/IP_INTERFACE_285_CFG1C_TEST
      mdr_EvalSandbox_MSS_0/EvalSandbox_MSS_MSS_0/MSS_ADLIB_INST/IP_INTERFACE_285_CFG1D_TEST


Path 11
------------------------
From: EvalSandbox_MSS_0/CORECONFIGP_0/pwdata[14]:CLK
  To: EvalSandbox_MSS_0/EvalSandbox_MSS_MSS_0/MSS_ADLIB_INST/INST_MSS_010_IP:MDDR_FABRIC_PWDATA[14]
Operating Conditions: WORST
------------------------
Path min-delay slack:     -1008 ps
------------------------
  On sink pin: EvalSandbox_MSS_0/EvalSandbox_MSS_MSS_0/MSS_ADLIB_INST/IP_INTERFACE_287:B
-------------------------------------
  Pin max-delay slack:    40111 ps
  Min-delay inserted:      1048 ps ( Estimated )
  ----------------------------
  Delay buffers inserted before the sink:
      mdr_EvalSandbox_MSS_0/EvalSandbox_MSS_MSS_0/MSS_ADLIB_INST/IP_INTERFACE_287_CFG1C_TEST
      mdr_EvalSandbox_MSS_0/EvalSandbox_MSS_MSS_0/MSS_ADLIB_INST/IP_INTERFACE_287_CFG1D_TEST


Path 12
------------------------
From: EvalSandbox_MSS_0/CORECONFIGP_0/paddr[3]:CLK
  To: EvalSandbox_MSS_0/EvalSandbox_MSS_MSS_0/MSS_ADLIB_INST/INST_MSS_010_IP:MDDR_FABRIC_PADDR[3]
Operating Conditions: WORST
------------------------
Path min-delay slack:     -1000 ps
------------------------
  On sink pin: EvalSandbox_MSS_0/EvalSandbox_MSS_MSS_0/MSS_ADLIB_INST/IP_INTERFACE_280:A
-------------------------------------
  Pin max-delay slack:    38940 ps
  Min-delay inserted:      1061 ps ( Estimated )
  ----------------------------
  Delay buffers inserted before the sink:
      mdr_EvalSandbox_MSS_0/EvalSandbox_MSS_MSS_0/MSS_ADLIB_INST/IP_INTERFACE_280_CFG1A_TEST
      mdr_EvalSandbox_MSS_0/EvalSandbox_MSS_MSS_0/MSS_ADLIB_INST/IP_INTERFACE_280_CFG1D_TEST


Path 13
------------------------
From: EvalSandbox_MSS_0/CORECONFIGP_0/paddr[8]:CLK
  To: EvalSandbox_MSS_0/EvalSandbox_MSS_MSS_0/MSS_ADLIB_INST/INST_MSS_010_IP:MDDR_FABRIC_PADDR[8]
Operating Conditions: WORST
------------------------
Path min-delay slack:      -988 ps
------------------------
  On sink pin: EvalSandbox_MSS_0/EvalSandbox_MSS_MSS_0/MSS_ADLIB_INST/IP_INTERFACE_285:A
-------------------------------------
  Pin max-delay slack:    39284 ps
  Min-delay inserted:      1073 ps ( Estimated )
  ----------------------------
  Delay buffers inserted before the sink:
      mdr_EvalSandbox_MSS_0/EvalSandbox_MSS_MSS_0/MSS_ADLIB_INST/IP_INTERFACE_285_CFG1D_TEST1
      mdr_EvalSandbox_MSS_0/EvalSandbox_MSS_MSS_0/MSS_ADLIB_INST/IP_INTERFACE_285_CFG1D_TEST0


Path 14
------------------------
From: EvalSandbox_MSS_0/CORECONFIGP_0/pwdata[10]:CLK
  To: EvalSandbox_MSS_0/EvalSandbox_MSS_MSS_0/MSS_ADLIB_INST/INST_MSS_010_IP:MDDR_FABRIC_PWDATA[10]
Operating Conditions: WORST
------------------------
Path min-delay slack:      -985 ps
------------------------
  On sink pin: EvalSandbox_MSS_0/EvalSandbox_MSS_MSS_0/MSS_ADLIB_INST/IP_INTERFACE_283:B
-------------------------------------
  Pin max-delay slack:    40366 ps
  Min-delay inserted:      1052 ps ( Estimated )
  ----------------------------
  Delay buffers inserted before the sink:
      mdr_EvalSandbox_MSS_0/EvalSandbox_MSS_MSS_0/MSS_ADLIB_INST/IP_INTERFACE_283_CFG1A_TEST
      mdr_EvalSandbox_MSS_0/EvalSandbox_MSS_MSS_0/MSS_ADLIB_INST/IP_INTERFACE_283_CFG1D_TEST


Path 15
------------------------
From: EvalSandbox_MSS_0/CORECONFIGP_0/pwdata[11]:CLK
  To: EvalSandbox_MSS_0/EvalSandbox_MSS_MSS_0/MSS_ADLIB_INST/INST_MSS_010_IP:MDDR_FABRIC_PWDATA[11]
Operating Conditions: WORST
------------------------
Path min-delay slack:      -966 ps
------------------------
  On sink pin: EvalSandbox_MSS_0/EvalSandbox_MSS_MSS_0/MSS_ADLIB_INST/IP_INTERFACE_284:B
-------------------------------------
  Pin max-delay slack:    40416 ps
  Min-delay inserted:       959 ps ( Estimated )
  ----------------------------
  Delay buffers inserted before the sink:
      mdr_EvalSandbox_MSS_0/EvalSandbox_MSS_MSS_0/MSS_ADLIB_INST/IP_INTERFACE_284_CFG1D_TEST


Path 16
------------------------
From: EvalSandbox_MSS_0/CORECONFIGP_0/pwdata[7]:CLK
  To: EvalSandbox_MSS_0/EvalSandbox_MSS_MSS_0/MSS_ADLIB_INST/INST_MSS_010_IP:MDDR_FABRIC_PWDATA[7]
Operating Conditions: WORST
------------------------
Path min-delay slack:      -950 ps
------------------------
  On sink pin: EvalSandbox_MSS_0/EvalSandbox_MSS_MSS_0/MSS_ADLIB_INST/IP_INTERFACE_280:B
-------------------------------------
  Pin max-delay slack:    40290 ps
  Min-delay inserted:      1049 ps ( Estimated )
  ----------------------------
  Delay buffers inserted before the sink:
      mdr_EvalSandbox_MSS_0/EvalSandbox_MSS_MSS_0/MSS_ADLIB_INST/IP_INTERFACE_280_CFG1A_TEST0
      mdr_EvalSandbox_MSS_0/EvalSandbox_MSS_MSS_0/MSS_ADLIB_INST/IP_INTERFACE_280_CFG1D_TEST0


Path 17
------------------------
From: EvalSandbox_MSS_0/CORECONFIGP_0/pwdata[9]:CLK
  To: EvalSandbox_MSS_0/EvalSandbox_MSS_MSS_0/MSS_ADLIB_INST/INST_MSS_010_IP:MDDR_FABRIC_PWDATA[9]
Operating Conditions: WORST
------------------------
Path min-delay slack:      -936 ps
------------------------
  On sink pin: EvalSandbox_MSS_0/EvalSandbox_MSS_MSS_0/MSS_ADLIB_INST/IP_INTERFACE_282:B
-------------------------------------
  Pin max-delay slack:    40141 ps
  Min-delay inserted:       996 ps ( Estimated )
  ----------------------------
  Delay buffers inserted before the sink:
      mdr_EvalSandbox_MSS_0/EvalSandbox_MSS_MSS_0/MSS_ADLIB_INST/IP_INTERFACE_282_CFG1A_TEST
      mdr_EvalSandbox_MSS_0/EvalSandbox_MSS_MSS_0/MSS_ADLIB_INST/IP_INTERFACE_282_CFG1D_TEST


Path 18
------------------------
From: EvalSandbox_MSS_0/CORECONFIGP_0/paddr[6]:CLK
  To: EvalSandbox_MSS_0/EvalSandbox_MSS_MSS_0/MSS_ADLIB_INST/INST_MSS_010_IP:MDDR_FABRIC_PADDR[6]
Operating Conditions: WORST
------------------------
Path min-delay slack:      -884 ps
------------------------
  On sink pin: EvalSandbox_MSS_0/EvalSandbox_MSS_MSS_0/MSS_ADLIB_INST/IP_INTERFACE_283:A
-------------------------------------
  Pin max-delay slack:    39149 ps
  Min-delay inserted:       975 ps ( Estimated )
  ----------------------------
  Delay buffers inserted before the sink:
      mdr_EvalSandbox_MSS_0/EvalSandbox_MSS_MSS_0/MSS_ADLIB_INST/IP_INTERFACE_283_CFG1B_TEST
      mdr_EvalSandbox_MSS_0/EvalSandbox_MSS_MSS_0/MSS_ADLIB_INST/IP_INTERFACE_283_CFG1D_TEST0


Path 19
------------------------
From: EvalSandbox_MSS_0/CORECONFIGP_0/pwdata[1]:CLK
  To: EvalSandbox_MSS_0/EvalSandbox_MSS_MSS_0/MSS_ADLIB_INST/INST_MSS_010_IP:MDDR_FABRIC_PWDATA[1]
Operating Conditions: WORST
------------------------
Path min-delay slack:      -864 ps
------------------------
  On sink pin: EvalSandbox_MSS_0/EvalSandbox_MSS_MSS_0/MSS_ADLIB_INST/IP_INTERFACE_277:A
-------------------------------------
  Pin max-delay slack:    39430 ps
  Min-delay inserted:       889 ps ( Estimated )
  ----------------------------
  Delay buffers inserted before the sink:
      mdr_EvalSandbox_MSS_0/EvalSandbox_MSS_MSS_0/MSS_ADLIB_INST/IP_INTERFACE_277_CFG1C_TEST


Path 20
------------------------
From: EvalSandbox_MSS_0/CORECONFIGP_0/paddr[10]:CLK
  To: EvalSandbox_MSS_0/EvalSandbox_MSS_MSS_0/MSS_ADLIB_INST/INST_MSS_010_IP:MDDR_FABRIC_PADDR[10]
Operating Conditions: WORST
------------------------
Path min-delay slack:      -806 ps
------------------------
  On sink pin: EvalSandbox_MSS_0/EvalSandbox_MSS_MSS_0/MSS_ADLIB_INST/IP_INTERFACE_287:A
-------------------------------------
  Pin max-delay slack:    39502 ps
  Min-delay inserted:       772 ps ( Estimated )
  ----------------------------
  Delay buffers inserted before the sink:
      mdr_EvalSandbox_MSS_0/EvalSandbox_MSS_MSS_0/MSS_ADLIB_INST/IP_INTERFACE_287_CFG1D_TEST0


Path 21
------------------------
From: EvalSandbox_MSS_0/CORECONFIGP_0/pwdata[8]:CLK
  To: EvalSandbox_MSS_0/EvalSandbox_MSS_MSS_0/MSS_ADLIB_INST/INST_MSS_010_IP:MDDR_FABRIC_PWDATA[8]
Operating Conditions: WORST
------------------------
Path min-delay slack:      -715 ps
------------------------
  On sink pin: EvalSandbox_MSS_0/EvalSandbox_MSS_MSS_0/MSS_ADLIB_INST/IP_INTERFACE_281:B
-------------------------------------
  Pin max-delay slack:    39454 ps
  Min-delay inserted:       767 ps ( Estimated )
  ----------------------------
  Delay buffers inserted before the sink:
      mdr_EvalSandbox_MSS_0/EvalSandbox_MSS_MSS_0/MSS_ADLIB_INST/IP_INTERFACE_281_CFG1A_TEST


Path 22
------------------------
From: EvalSandbox_MSS_0/CORECONFIGP_0/pwdata[4]:CLK
  To: EvalSandbox_MSS_0/EvalSandbox_MSS_MSS_0/MSS_ADLIB_INST/INST_MSS_010_IP:MDDR_FABRIC_PWDATA[4]
Operating Conditions: WORST
------------------------
Path min-delay slack:      -698 ps
------------------------
  On sink pin: EvalSandbox_MSS_0/EvalSandbox_MSS_MSS_0/MSS_ADLIB_INST/IP_INTERFACE_277:B
-------------------------------------
  Pin max-delay slack:    39326 ps
  Min-delay inserted:       820 ps ( Estimated )
  ----------------------------
  Delay buffers inserted before the sink:
      mdr_EvalSandbox_MSS_0/EvalSandbox_MSS_MSS_0/MSS_ADLIB_INST/IP_INTERFACE_277_CFG1A_TEST


Path 23
------------------------
From: EvalSandbox_MSS_0/CORECONFIGP_0/paddr[7]:CLK
  To: EvalSandbox_MSS_0/EvalSandbox_MSS_MSS_0/MSS_ADLIB_INST/INST_MSS_010_IP:MDDR_FABRIC_PADDR[7]
Operating Conditions: WORST
------------------------
Path min-delay slack:      -694 ps
------------------------
  On sink pin: EvalSandbox_MSS_0/EvalSandbox_MSS_MSS_0/MSS_ADLIB_INST/IP_INTERFACE_284:A
-------------------------------------
  Pin max-delay slack:    38935 ps
  Min-delay inserted:       847 ps ( Estimated )
  ----------------------------
  Delay buffers inserted before the sink:
      mdr_EvalSandbox_MSS_0/EvalSandbox_MSS_MSS_0/MSS_ADLIB_INST/IP_INTERFACE_284_CFG1A_TEST


Path 24
------------------------
From: EvalSandbox_MSS_0/CORECONFIGP_0/paddr[9]:CLK
  To: EvalSandbox_MSS_0/EvalSandbox_MSS_MSS_0/MSS_ADLIB_INST/INST_MSS_010_IP:MDDR_FABRIC_PADDR[9]
Operating Conditions: WORST
------------------------
Path min-delay slack:      -678 ps
------------------------
  On sink pin: EvalSandbox_MSS_0/EvalSandbox_MSS_MSS_0/MSS_ADLIB_INST/IP_INTERFACE_286:A
-------------------------------------
  Pin max-delay slack:    39294 ps
  Min-delay inserted:       781 ps ( Estimated )
  ----------------------------
  Delay buffers inserted before the sink:
      mdr_EvalSandbox_MSS_0/EvalSandbox_MSS_MSS_0/MSS_ADLIB_INST/IP_INTERFACE_286_CFG1A_TEST


Path 25
------------------------
From: EvalSandbox_MSS_0/CORECONFIGP_0/paddr[5]:CLK
  To: EvalSandbox_MSS_0/EvalSandbox_MSS_MSS_0/MSS_ADLIB_INST/INST_MSS_010_IP:MDDR_FABRIC_PADDR[5]
Operating Conditions: WORST
------------------------
Path min-delay slack:      -601 ps
------------------------
  On sink pin: EvalSandbox_MSS_0/EvalSandbox_MSS_MSS_0/MSS_ADLIB_INST/IP_INTERFACE_282:A
-------------------------------------
  Pin max-delay slack:    38868 ps
  Min-delay inserted:       800 ps ( Estimated )
  ----------------------------
  Delay buffers inserted before the sink:
      mdr_EvalSandbox_MSS_0/EvalSandbox_MSS_MSS_0/MSS_ADLIB_INST/IP_INTERFACE_282_CFG1A_TEST0


Path 26
------------------------
From: EvalSandbox_MSS_0/CORECONFIGP_0/pwrite:CLK
  To: EvalSandbox_MSS_0/EvalSandbox_MSS_MSS_0/MSS_ADLIB_INST/INST_MSS_010_IP:MDDR_FABRIC_PWRITE
Operating Conditions: WORST
------------------------
Path min-delay slack:      -578 ps
------------------------
  On sink pin: EvalSandbox_MSS_0/EvalSandbox_MSS_MSS_0/MSS_ADLIB_INST/IP_INTERFACE_265:C
-------------------------------------
  Pin max-delay slack:    39242 ps
  Min-delay inserted:       764 ps ( Estimated )
  ----------------------------
  Delay buffers inserted before the sink:
      mdr_EvalSandbox_MSS_0/EvalSandbox_MSS_MSS_0/MSS_ADLIB_INST/IP_INTERFACE_265_CFG1A_TEST


Path 27
------------------------
From: EvalSandbox_MSS_0/EvalSandbox_MSS_MSS_0/MSS_ADLIB_INST/INST_MSS_010_IP:CLK_CONFIG_APB
  To: EvalSandbox_MSS_0/CORECONFIGP_0/state[0]:D
Operating Conditions: WORST
------------------------
Path min-delay slack:      -240 ps
------------------------
  On sink pin: EvalSandbox_MSS_0/CORECONFIGP_0/next_state5:B
-------------------------------------
  Pin max-delay slack:    39094 ps
  Min-delay inserted:       604 ps ( Estimated )
  ----------------------------
  Delay buffers inserted before the sink:
      mdr_EvalSandbox_MSS_0/CORECONFIGP_0/next_state5_CFG1C_TEST




-------------------------------------
 External Hold Repair Report 
-------------------------------------
 Iteration 2  
 Total I/O input ports improved: 0       
-------------------------------------



-------------------------
 Min-delay Repair Report 
-------------------------
 Iteration 2  
 Total paths eligible for improvement: 2       
 Total paths improved: 2       
-------------------------

Path 1
------------------------
From: EvalSandbox_MSS_0/EvalSandbox_MSS_MSS_0/MSS_ADLIB_INST/INST_MSS_010_IP:CLK_CONFIG_APB
  To: EvalSandbox_MSS_0/CORECONFIGP_0/state[0]:D
Operating Conditions: WORST
------------------------
Path min-delay slack:      -185 ps
------------------------
  On sink pin: EvalSandbox_MSS_0/CORECONFIGP_0/next_state5:A
-------------------------------------
  Pin max-delay slack:    38984 ps
  Min-delay inserted:       802 ps ( Estimated )
  ----------------------------
  Delay buffers inserted before the sink:
      mdr_EvalSandbox_MSS_0/CORECONFIGP_0/next_state5_CFG1A_TEST


Path 2
------------------------
From: EvalSandbox_MSS_0/CORECONFIGP_0/paddr[10]:CLK
  To: EvalSandbox_MSS_0/EvalSandbox_MSS_MSS_0/MSS_ADLIB_INST/INST_MSS_010_IP:MDDR_FABRIC_PADDR[10]
Operating Conditions: WORST
------------------------
Path min-delay slack:       -35 ps
------------------------
  On sink pin: mdr_EvalSandbox_MSS_0/EvalSandbox_MSS_MSS_0/MSS_ADLIB_INST/IP_INTERFACE_287_CFG1D_TEST0:A
-------------------------------------
  Pin max-delay slack:    38722 ps
  Min-delay inserted:       771 ps ( Estimated )
  ----------------------------
  Delay buffers inserted before the sink:
      mdr_mdr_EvalSandbox_MSS_0/EvalSandbox_MSS_MSS_0/MSS_ADLIB_INST/IP_INTERFACE_287_CFG1D_TEST0_CFG1A_TEST




-------------------------------------
 External Hold Repair Report 
-------------------------------------
 Iteration 3  
 Total I/O input ports improved: 0       
-------------------------------------



-------------------------
 Min-delay Repair Report 
-------------------------
 Iteration 3  
 Total paths eligible for improvement: 1       
 Total paths improved: 1       
-------------------------

Path 1
------------------------
From: EvalSandbox_MSS_0/EvalSandbox_MSS_MSS_0/MSS_ADLIB_INST/INST_MSS_010_IP:CLK_CONFIG_APB
  To: EvalSandbox_MSS_0/CORECONFIGP_0/state[0]:D
Operating Conditions: WORST
------------------------
Path min-delay slack:      -136 ps
------------------------
  On sink pin: mdr_EvalSandbox_MSS_0/CORECONFIGP_0/next_state5_CFG1C_TEST:A
-------------------------------------
  Pin max-delay slack:    38987 ps
  Min-delay inserted:       822 ps ( Estimated )
  ----------------------------
  Delay buffers inserted before the sink:
      mdr_mdr_EvalSandbox_MSS_0/CORECONFIGP_0/next_state5_CFG1C_TEST_CFG1A_TEST




-------------------------------------
 External Hold Repair Report 
-------------------------------------
 Iteration 4  
 Total I/O input ports improved: 0       
-------------------------------------



-------------------------
 Min-delay Repair Report 
-------------------------
 Iteration 4  
 Total paths eligible for improvement: 0       
 Total paths improved: 0       
-------------------------


Note:
    [1]: A net cannot be modified for repair if:
         - it is hardwired, preserved, or global;
         - the sink pin is a clock pin;
         - the sink pin has negative max-delay slack allowance;

    [2]: A location is not feasible for inserting a delay buffer if the estimated minimum delay to be inserted might exceed the max-delay slack allowance of the sink pin.

    [3]: The I/O delay taps cannot be used to fix hold violations in RTG4 design if it is a MSIO or MSIOD that drives a GB.



