
Copyright (C) 1994-2022 Synopsys, Inc.
This Synopsys software and all associated documentation are proprietary to Synopsys, Inc.
and may only be used pursuant to the terms and conditions of a written license agreement
with Synopsys, Inc. All other use, reproduction, modification, or distribution of the
Synopsys software or the associated documentation is strictly prohibited.
Tool: Synplify Pro (R)
Build: T-2022.09M-SP2-1
Install: C:\Microchip\Libero_SoC_v2023.2\SynplifyPro
OS: Windows 10 or later
Hostname: ASTR-ETS-001

Implementation : synthesis

# Written on Tue Mar 12 14:37:42 2024

##### DESIGN INFO #######################################################

Top View:                "Ux2FPGA"
Constraint File(s):      "C:\MicroSemiProj\DMCI_Ux2\designer\Ux2FPGA\synthesis.fdc"




##### SUMMARY ############################################################

Found 4 issues in 3 out of 9 constraints


##### DETAILS ############################################################



Clock Relationships
*******************

Starting                                          Ending                                            |     rise to rise     |     fall to fall     |     rise to fall     |     fall to rise                     
---------------------------------------------------------------------------------------------------------------------------------------------------------------------------------------------------------------
Ux2FPGA_sb_0/FABOSC_0/I_RCOSC_25_50MHZ/CLKOUT     Ux2FPGA_sb_0/FABOSC_0/I_RCOSC_25_50MHZ/CLKOUT     |     20.000           |     No paths         |     No paths         |     No paths                         
Ux2FPGA_sb_0/FABOSC_0/I_RCOSC_25_50MHZ/CLKOUT     Ux2FPGA_sb_0/CCC_0/GL0                            |     0.392            |     No paths         |     No paths         |     No paths                         
Ux2FPGA_sb_0/CCC_0/GL0                            Ux2FPGA_sb_0/FABOSC_0/I_RCOSC_25_50MHZ/CLKOUT     |     0.392            |     No paths         |     No paths         |     No paths                         
Ux2FPGA_sb_0/CCC_0/GL0                            Ux2FPGA_sb_0/CCC_0/GL0                            |     9.804            |     No paths         |     No paths         |     No paths                         
===============================================================================================================================================================================================================
 Note: 'No paths' indicates there are no paths in the design for that pair of clock edges.
       'Diff grp' indicates that paths exist but the starting clock and ending clock are in different clock groups.


Unconstrained Start/End Points
******************************

p:DEVRST_N
p:MisoA
p:MisoB
p:MisoC
p:MisoD
p:MisoE
p:MisoF
p:MisoMon0
p:MisoMon1
p:MosiA
p:MosiB
p:MosiC
p:MosiD
p:MosiE
p:MosiF
p:MosiMonAdc
p:PAD_IN_0[0]
p:PAD_IN_0[1]
p:PAD_IN_0[2]
p:PAD_IN_0[3]
p:PAD_IN_0[4]
p:PAD_IN_0[5]
p:PAD_IN_0[6]
p:PAD_IN_0[7]
p:PAD_IN_0[8]
p:PAD_OUT[0]
p:PAD_OUT[1]
p:PAD_OUT[2]
p:PAD_OUT[3]
p:RX
p:SckADCs
p:SckMonAdc
p:Tx[0]
p:nCsA
p:nCsB
p:nCsC
p:nCsD
p:nCsE
p:nCsF
p:nCsMonAdc
p:test[1]
p:test[2]
p:test[3]
p:test[4]
p:test[5]
p:test[6]
p:test[7]
p:test[8]


Inapplicable constraints
************************

set_false_path -through [get_nets { Ux2FPGA_sb_0.CORERESETP_0.CONFIG1_DONE Ux2FPGA_sb_0.CORERESETP_0.CONFIG2_DONE Ux2FPGA_sb_0.CORERESETP_0.SDIF*_PERST_N Ux2FPGA_sb_0.CORERESETP_0.SDIF*_PSEL Ux2FPGA_sb_0.CORERESETP_0.SDIF*_PWRITE Ux2FPGA_sb_0.CORERESETP_0.SDIF*_PRDATA[*] Ux2FPGA_sb_0.CORERESETP_0.SOFT_EXT_RESET_OUT Ux2FPGA_sb_0.CORERESETP_0.SOFT_RESET_F2M Ux2FPGA_sb_0.CORERESETP_0.SOFT_M3_RESET Ux2FPGA_sb_0.CORERESETP_0.SOFT_MDDR_DDR_AXI_S_CORE_RESET Ux2FPGA_sb_0.CORERESETP_0.SOFT_FDDR_CORE_RESET Ux2FPGA_sb_0.CORERESETP_0.SOFT_SDIF*_PHY_RESET Ux2FPGA_sb_0.CORERESETP_0.SOFT_SDIF*_CORE_RESET Ux2FPGA_sb_0.CORERESETP_0.SOFT_SDIF0_0_CORE_RESET Ux2FPGA_sb_0.CORERESETP_0.SOFT_SDIF0_1_CORE_RESET }]
	@E::"c:/microsemiproj/dmci_ux2/designer/ux2fpga/synthesis.fdc":13:0:13:0|Timing constraint (through [get_nets { Ux2FPGA_sb_0.CORERESETP_0.CONFIG1_DONE Ux2FPGA_sb_0.CORERESETP_0.CONFIG2_DONE Ux2FPGA_sb_0.CORERESETP_0.SDIF*_PERST_N Ux2FPGA_sb_0.CORERESETP_0.SDIF*_PSEL Ux2FPGA_sb_0.CORERESETP_0.SDIF*_PWRITE Ux2FPGA_sb_0.CORERESETP_0.SDIF*_PRDATA[*] Ux2FPGA_sb_0.CORERESETP_0.SOFT_EXT_RESET_OUT Ux2FPGA_sb_0.CORERESETP_0.SOFT_RESET_F2M Ux2FPGA_sb_0.CORERESETP_0.SOFT_M3_RESET Ux2FPGA_sb_0.CORERESETP_0.SOFT_MDDR_DDR_AXI_S_CORE_RESET Ux2FPGA_sb_0.CORERESETP_0.SOFT_FDDR_CORE_RESET Ux2FPGA_sb_0.CORERESETP_0.SOFT_SDIF*_PHY_RESET Ux2FPGA_sb_0.CORERESETP_0.SOFT_SDIF*_CORE_RESET Ux2FPGA_sb_0.CORERESETP_0.SOFT_SDIF0_0_CORE_RESET Ux2FPGA_sb_0.CORERESETP_0.SOFT_SDIF0_1_CORE_RESET }]) (false path) was not applied to the design because all of the '-through' objects specified by the constraint are driven by constants
	@E:MF1038:"c:/microsemiproj/dmci_ux2/designer/ux2fpga/synthesis.fdc":13:0:13:0|collection "[get_nets { Ux2FPGA_sb_0.CORERESETP_0.CONFIG1_DONE Ux2FPGA_sb_0.CORERESETP_0.CONFIG2_DONE Ux2FPGA_sb_0.CORERESETP_0.SDIF*_PERST_N Ux2FPGA_sb_0.CORERESETP_0.SDIF*_PSEL Ux2FPGA_sb_0.CORERESETP_0.SDIF*_PWRITE Ux2FPGA_sb_0.CORERESETP_0.SDIF*_PRDATA[*] Ux2FPGA_sb_0.CORERESETP_0.SOFT_EXT_RESET_OUT Ux2FPGA_sb_0.CORERESETP_0.SOFT_RESET_F2M Ux2FPGA_sb_0.CORERESETP_0.SOFT_M3_RESET Ux2FPGA_sb_0.CORERESETP_0.SOFT_MDDR_DDR_AXI_S_CORE_RESET Ux2FPGA_sb_0.CORERESETP_0.SOFT_FDDR_CORE_RESET Ux2FPGA_sb_0.CORERESETP_0.SOFT_SDIF*_PHY_RESET Ux2FPGA_sb_0.CORERESETP_0.SOFT_SDIF*_CORE_RESET Ux2FPGA_sb_0.CORERESETP_0.SOFT_SDIF0_0_CORE_RESET Ux2FPGA_sb_0.CORERESETP_0.SOFT_SDIF0_1_CORE_RESET }]" contains only objects driven by constants

Applicable constraints with issues
**********************************

create_generated_clock -name Ux2FPGA_sb_0/CCC_0/GL0 -multiply_by 4 -divide_by 2 -source [get_pins { Ux2FPGA_sb_0.CCC_0.CCC_INST.CLK0 }] [get_pins { Ux2FPGA_sb_0.CCC_0.CCC_INST.GL0 }]
	@W:MT688:"c:/microsemiproj/dmci_ux2/designer/ux2fpga/synthesis.fdc":9:0:9:0|No path from master pin (-source) to source of clock Ux2FPGA_sb_0/CCC_0/GL0 due to black box Ux2FPGA_sb_0.CCC_0.CCC_INST
set_false_path -through [get_pins { Ux2FPGA_sb_0.Ux2FPGA_sb_MSS_0.MSS_ADLIB_INST.CONFIG_PRESET_N }]
	@W::"c:/microsemiproj/dmci_ux2/designer/ux2fpga/synthesis.fdc":14:0:14:0|Timing constraint (through [get_pins { Ux2FPGA_sb_0.Ux2FPGA_sb_MSS_0.MSS_ADLIB_INST.CONFIG_PRESET_N }]) (false path) was not applied to the design because none of the paths specified by the constraint exist in the design

Constraints with matching wildcard expressions
**********************************************

set_false_path -from [get_cells { Ux2FPGA_sb_0.CORERESETP_0.MSS_HPMS_READY_int Ux2FPGA_sb_0.CORERESETP_0.SDIF*_PERST_N_re }] -to [get_cells { Ux2FPGA_sb_0.CORERESETP_0.sdif*_areset_n_rcosc* }]
	@N:MF891:"c:/microsemiproj/dmci_ux2/designer/ux2fpga/synthesis.fdc":12:0:12:0|expression "[get_cells { Ux2FPGA_sb_0.CORERESETP_0.MSS_HPMS_READY_int Ux2FPGA_sb_0.CORERESETP_0.SDIF*_PERST_N_re }]" applies to objects:
		Ux2FPGA_sb_0.CORERESETP_0.MSS_HPMS_READY_int
	@N:MF891:"c:/microsemiproj/dmci_ux2/designer/ux2fpga/synthesis.fdc":12:0:12:0|expression "[get_cells { Ux2FPGA_sb_0.CORERESETP_0.sdif*_areset_n_rcosc* }]" applies to objects:
		Ux2FPGA_sb_0.CORERESETP_0.sdif0_areset_n_rcosc
		Ux2FPGA_sb_0.CORERESETP_0.sdif0_areset_n_rcosc_arst
		Ux2FPGA_sb_0.CORERESETP_0.sdif0_areset_n_rcosc_arst_i
		Ux2FPGA_sb_0.CORERESETP_0.sdif0_areset_n_rcosc_q1
		Ux2FPGA_sb_0.CORERESETP_0.sdif1_areset_n_rcosc
		Ux2FPGA_sb_0.CORERESETP_0.sdif1_areset_n_rcosc_arst
		Ux2FPGA_sb_0.CORERESETP_0.sdif1_areset_n_rcosc_arst_i
		Ux2FPGA_sb_0.CORERESETP_0.sdif1_areset_n_rcosc_q1
		Ux2FPGA_sb_0.CORERESETP_0.sdif2_areset_n_rcosc
		Ux2FPGA_sb_0.CORERESETP_0.sdif2_areset_n_rcosc_arst
		Ux2FPGA_sb_0.CORERESETP_0.sdif2_areset_n_rcosc_arst_i
		Ux2FPGA_sb_0.CORERESETP_0.sdif2_areset_n_rcosc_q1
		Ux2FPGA_sb_0.CORERESETP_0.sdif3_areset_n_rcosc
		Ux2FPGA_sb_0.CORERESETP_0.sdif3_areset_n_rcosc_arst
		Ux2FPGA_sb_0.CORERESETP_0.sdif3_areset_n_rcosc_arst_i
		Ux2FPGA_sb_0.CORERESETP_0.sdif3_areset_n_rcosc_q1
set_false_path -through [get_nets { Ux2FPGA_sb_0.CORERESETP_0.ddr_settled Ux2FPGA_sb_0.CORERESETP_0.count_ddr_enable Ux2FPGA_sb_0.CORERESETP_0.release_sdif*_core Ux2FPGA_sb_0.CORERESETP_0.count_sdif*_enable }]
	@N:MF891:"c:/microsemiproj/dmci_ux2/designer/ux2fpga/synthesis.fdc":10:0:10:0|expression "[get_nets { Ux2FPGA_sb_0.CORERESETP_0.ddr_settled Ux2FPGA_sb_0.CORERESETP_0.count_ddr_enable Ux2FPGA_sb_0.CORERESETP_0.release_sdif*_core Ux2FPGA_sb_0.CORERESETP_0.count_sdif*_enable }]" applies to objects:
		Ux2FPGA_sb_0.CORERESETP_0.ddr_settled
		Ux2FPGA_sb_0.CORERESETP_0.release_sdif0_core
		Ux2FPGA_sb_0.CORERESETP_0.release_sdif1_core
		Ux2FPGA_sb_0.CORERESETP_0.release_sdif2_core
		Ux2FPGA_sb_0.CORERESETP_0.release_sdif3_core

Library Report
**************


# End of Constraint Checker Report
