
Copyright (C) 1994-2022 Synopsys, Inc.
This Synopsys software and all associated documentation are proprietary to Synopsys, Inc.
and may only be used pursuant to the terms and conditions of a written license agreement
with Synopsys, Inc. All other use, reproduction, modification, or distribution of the
Synopsys software or the associated documentation is strictly prohibited.
Tool: Synplify Pro (R)
Build: T-2022.09M-SP2-1
Install: /home/summer/microchip/Libero_SoC_v2023.2/SynplifyPro
OS: Linux Mint 21.1
Hostname: homework
max virtual memory: unlimited (bytes)
max user processes: 126734
max stack size: 8388608 (bytes)


Implementation : synthesis

# Written on Fri Feb 16 14:21:12 2024

##### DESIGN INFO #######################################################

Top View:                "Blink"
Constraint File(s):      "/home/summer/projects/CGraph/firmware/DMInterface/TestFiles/designer/Blink/synthesis.fdc"




##### SUMMARY ############################################################

Found 0 issues in 0 out of 0 constraints


##### DETAILS ############################################################



Clock Relationships
*******************

Starting     Ending     |     rise to rise     |     fall to fall     |     rise to fall     |     fall to rise                     
-----------------------------------------------------------------------------------------------------------------------------------
===================================================================================================================================
 Note: 'No paths' indicates there are no paths in the design for that pair of clock edges.
       'Diff grp' indicates that paths exist but the starting clock and ending clock are in different clock groups.


Unconstrained Start/End Points
******************************

p:clk
p:debugA1
p:debugA[2]
p:debugA[3]
p:debugA[4]
p:debugA[5]
p:debugA[6]
p:debugA[7]
p:debugA[8]


Inapplicable constraints
************************

(none)


Applicable constraints with issues
**********************************

(none)


Constraints with matching wildcard expressions
**********************************************

(none)


Library Report
**************


# End of Constraint Checker Report
