
Copyright (C) 1994-2022 Synopsys, Inc.
This Synopsys software and all associated documentation are proprietary to Synopsys, Inc.
and may only be used pursuant to the terms and conditions of a written license agreement
with Synopsys, Inc. All other use, reproduction, modification, or distribution of the
Synopsys software or the associated documentation is strictly prohibited.
Tool: Synplify Pro (R)
Build: T-2022.09M-SP2-1
Install: C:\Microchip\Libero_SoC_v2023.2\SynplifyPro
OS: Windows 10 or later
Hostname: ASTR-ETS-001

Implementation : synthesis
Synopsys HDL compiler and linker, Version comp202209synp2, Build 179R, Built Jun 27 2023 09:29:56, @

Modified Files: 6
FID:  path (prevtimestamp, timestamp)
28       C:\Users\SKaye\repos\firmware\DMInterface\LiberoProject\component\work\EvalBoardSandbox\EvalBoardSandbox.v (2024-03-26 08:32:20, 2024-03-29 14:02:51)
29       C:\Users\SKaye\repos\firmware\DMInterface\LiberoProject\component\work\EvalSandbox_MSS\CCC_0\EvalSandbox_MSS_CCC_0_FCCC.v (2024-03-22 14:15:06, 2024-03-29 14:02:38)
30       C:\Users\SKaye\repos\firmware\DMInterface\LiberoProject\component\work\EvalSandbox_MSS\EvalSandbox_MSS.v (2024-03-22 14:15:08, 2024-03-29 14:02:40)
31       C:\Users\SKaye\repos\firmware\DMInterface\LiberoProject\component\work\EvalSandbox_MSS\FABOSC_0\EvalSandbox_MSS_FABOSC_0_OSC.v (2024-03-22 14:15:08, 2024-03-29 14:02:40)
32       C:\Users\SKaye\repos\firmware\DMInterface\LiberoProject\component\work\EvalSandbox_MSS_MSS\EvalSandbox_MSS_MSS.v (2024-03-22 14:15:03, 2024-03-29 14:02:36)
33       C:\Users\SKaye\repos\firmware\DMInterface\LiberoProject\component\work\EvalSandbox_MSS_MSS\EvalSandbox_MSS_MSS_syn.v (2024-03-22 14:15:03, 2024-03-29 14:02:35)

*******************************************************************
Modules that may have changed as a result of file changes: 33
MID:  lib.cell.view
0        COREAPB3_LIB.COREAPB3_MUXPTOB3.verilog may have changed because the following files changed:
                        C:\Users\SKaye\repos\firmware\DMInterface\LiberoProject\component\work\EvalBoardSandbox\EvalBoardSandbox.v (2024-03-26 08:32:20, 2024-03-29 14:02:51) <-- (may instantiate this module)
                        C:\Users\SKaye\repos\firmware\DMInterface\LiberoProject\component\work\EvalSandbox_MSS\EvalSandbox_MSS.v (2024-03-22 14:15:08, 2024-03-29 14:02:40) <-- (may instantiate this module)
1        COREAPB3_LIB.CoreAPB3.verilog may have changed because the following files changed:
                        C:\Users\SKaye\repos\firmware\DMInterface\LiberoProject\component\work\EvalBoardSandbox\EvalBoardSandbox.v (2024-03-26 08:32:20, 2024-03-29 14:02:51) <-- (may instantiate this module)
                        C:\Users\SKaye\repos\firmware\DMInterface\LiberoProject\component\work\EvalSandbox_MSS\EvalSandbox_MSS.v (2024-03-22 14:15:08, 2024-03-29 14:02:40) <-- (may instantiate this module)
2        COREAPB3_LIB.coreapb3_iaddr_reg.verilog may have changed because the following files changed:
                        C:\Users\SKaye\repos\firmware\DMInterface\LiberoProject\component\work\EvalBoardSandbox\EvalBoardSandbox.v (2024-03-26 08:32:20, 2024-03-29 14:02:51) <-- (may instantiate this module)
                        C:\Users\SKaye\repos\firmware\DMInterface\LiberoProject\component\work\EvalSandbox_MSS\EvalSandbox_MSS.v (2024-03-22 14:15:08, 2024-03-29 14:02:40) <-- (may instantiate this module)
3        work.CoreResetP.verilog may have changed because the following files changed:
                        C:\Users\SKaye\repos\firmware\DMInterface\LiberoProject\component\work\EvalBoardSandbox\EvalBoardSandbox.v (2024-03-26 08:32:20, 2024-03-29 14:02:51) <-- (may instantiate this module)
                        C:\Users\SKaye\repos\firmware\DMInterface\LiberoProject\component\work\EvalSandbox_MSS\EvalSandbox_MSS.v (2024-03-22 14:15:08, 2024-03-29 14:02:40) <-- (may instantiate this module)
4        work.CoreUARTapb_C0.verilog may have changed because the following files changed:
                        C:\Users\SKaye\repos\firmware\DMInterface\LiberoProject\component\work\EvalBoardSandbox\EvalBoardSandbox.v (2024-03-26 08:32:20, 2024-03-29 14:02:51) <-- (may instantiate this module)
5        work.CoreUARTapb_C0_CoreUARTapb_C0_0_COREUART.verilog may have changed because the following files changed:
                        C:\Users\SKaye\repos\firmware\DMInterface\LiberoProject\component\work\EvalBoardSandbox\EvalBoardSandbox.v (2024-03-26 08:32:20, 2024-03-29 14:02:51) <-- (may instantiate this module)
6        work.CoreUARTapb_C0_CoreUARTapb_C0_0_Clock_gen.verilog may have changed because the following files changed:
                        C:\Users\SKaye\repos\firmware\DMInterface\LiberoProject\component\work\EvalBoardSandbox\EvalBoardSandbox.v (2024-03-26 08:32:20, 2024-03-29 14:02:51) <-- (may instantiate this module)
7        work.CoreUARTapb_C0_CoreUARTapb_C0_0_CoreUARTapb.verilog may have changed because the following files changed:
                        C:\Users\SKaye\repos\firmware\DMInterface\LiberoProject\component\work\EvalBoardSandbox\EvalBoardSandbox.v (2024-03-26 08:32:20, 2024-03-29 14:02:51) <-- (may instantiate this module)
8        work.CoreUARTapb_C0_CoreUARTapb_C0_0_Rx_async.verilog may have changed because the following files changed:
                        C:\Users\SKaye\repos\firmware\DMInterface\LiberoProject\component\work\EvalBoardSandbox\EvalBoardSandbox.v (2024-03-26 08:32:20, 2024-03-29 14:02:51) <-- (may instantiate this module)
9        work.CoreUARTapb_C0_CoreUARTapb_C0_0_Tx_async.verilog may have changed because the following files changed:
                        C:\Users\SKaye\repos\firmware\DMInterface\LiberoProject\component\work\EvalBoardSandbox\EvalBoardSandbox.v (2024-03-26 08:32:20, 2024-03-29 14:02:51) <-- (may instantiate this module)
10       work.CoreUARTapb_C0_CoreUARTapb_C0_0_fifo_256x8.verilog may have changed because the following files changed:
                        C:\Users\SKaye\repos\firmware\DMInterface\LiberoProject\component\work\EvalBoardSandbox\EvalBoardSandbox.v (2024-03-26 08:32:20, 2024-03-29 14:02:51) <-- (may instantiate this module)
11       work.CoreUARTapb_C0_CoreUARTapb_C0_0_fifo_ctrl_128.verilog may have changed because the following files changed:
                        C:\Users\SKaye\repos\firmware\DMInterface\LiberoProject\component\work\EvalBoardSandbox\EvalBoardSandbox.v (2024-03-26 08:32:20, 2024-03-29 14:02:51) <-- (may instantiate this module)
12       work.CoreUARTapb_C0_CoreUARTapb_C0_0_ram128x8_pa4.verilog may have changed because the following files changed:
                        C:\Users\SKaye\repos\firmware\DMInterface\LiberoProject\component\work\EvalBoardSandbox\EvalBoardSandbox.v (2024-03-26 08:32:20, 2024-03-29 14:02:51) <-- (may instantiate this module)
13       work.EvalBoardSandbox.verilog may have changed because the following files changed:
                        C:\Users\SKaye\repos\firmware\DMInterface\LiberoProject\component\work\EvalBoardSandbox\EvalBoardSandbox.v (2024-03-26 08:32:20, 2024-03-29 14:02:51) <-- (module definition)
14       work.EvalSandbox_MSS.verilog may have changed because the following files changed:
                        C:\Users\SKaye\repos\firmware\DMInterface\LiberoProject\component\work\EvalBoardSandbox\EvalBoardSandbox.v (2024-03-26 08:32:20, 2024-03-29 14:02:51) <-- (may instantiate this module)
                        C:\Users\SKaye\repos\firmware\DMInterface\LiberoProject\component\work\EvalSandbox_MSS\EvalSandbox_MSS.v (2024-03-22 14:15:08, 2024-03-29 14:02:40) <-- (module definition)
15       work.EvalSandbox_MSS_CCC_0_FCCC.verilog may have changed because the following files changed:
                        C:\Users\SKaye\repos\firmware\DMInterface\LiberoProject\component\work\EvalBoardSandbox\EvalBoardSandbox.v (2024-03-26 08:32:20, 2024-03-29 14:02:51) <-- (may instantiate this module)
                        C:\Users\SKaye\repos\firmware\DMInterface\LiberoProject\component\work\EvalSandbox_MSS\CCC_0\EvalSandbox_MSS_CCC_0_FCCC.v (2024-03-22 14:15:06, 2024-03-29 14:02:38) <-- (module definition)
                        C:\Users\SKaye\repos\firmware\DMInterface\LiberoProject\component\work\EvalSandbox_MSS\EvalSandbox_MSS.v (2024-03-22 14:15:08, 2024-03-29 14:02:40) <-- (may instantiate this module)
16       work.EvalSandbox_MSS_FABOSC_0_OSC.verilog may have changed because the following files changed:
                        C:\Users\SKaye\repos\firmware\DMInterface\LiberoProject\component\work\EvalBoardSandbox\EvalBoardSandbox.v (2024-03-26 08:32:20, 2024-03-29 14:02:51) <-- (may instantiate this module)
                        C:\Users\SKaye\repos\firmware\DMInterface\LiberoProject\component\work\EvalSandbox_MSS\EvalSandbox_MSS.v (2024-03-22 14:15:08, 2024-03-29 14:02:40) <-- (may instantiate this module)
                        C:\Users\SKaye\repos\firmware\DMInterface\LiberoProject\component\work\EvalSandbox_MSS\FABOSC_0\EvalSandbox_MSS_FABOSC_0_OSC.v (2024-03-22 14:15:08, 2024-03-29 14:02:40) <-- (module definition)
17       work.EvalSandbox_MSS_MSS.verilog may have changed because the following files changed:
                        C:\Users\SKaye\repos\firmware\DMInterface\LiberoProject\component\work\EvalBoardSandbox\EvalBoardSandbox.v (2024-03-26 08:32:20, 2024-03-29 14:02:51) <-- (may instantiate this module)
                        C:\Users\SKaye\repos\firmware\DMInterface\LiberoProject\component\work\EvalSandbox_MSS\EvalSandbox_MSS.v (2024-03-22 14:15:08, 2024-03-29 14:02:40) <-- (may instantiate this module)
                        C:\Users\SKaye\repos\firmware\DMInterface\LiberoProject\component\work\EvalSandbox_MSS_MSS\EvalSandbox_MSS_MSS.v (2024-03-22 14:15:03, 2024-03-29 14:02:36) <-- (module definition)
36       work.IO_C0.verilog may have changed because the following files changed:
                        C:\Users\SKaye\repos\firmware\DMInterface\LiberoProject\component\work\EvalBoardSandbox\EvalBoardSandbox.v (2024-03-26 08:32:20, 2024-03-29 14:02:51) <-- (may instantiate this module)
37       work.IO_C0_IO_C0_0_IO.verilog may have changed because the following files changed:
                        C:\Users\SKaye\repos\firmware\DMInterface\LiberoProject\component\work\EvalBoardSandbox\EvalBoardSandbox.v (2024-03-26 08:32:20, 2024-03-29 14:02:51) <-- (may instantiate this module)
38       work.IO_C1.verilog may have changed because the following files changed:
                        C:\Users\SKaye\repos\firmware\DMInterface\LiberoProject\component\work\EvalBoardSandbox\EvalBoardSandbox.v (2024-03-26 08:32:20, 2024-03-29 14:02:51) <-- (may instantiate this module)
39       work.IO_C1_IO_C1_0_IO.verilog may have changed because the following files changed:
                        C:\Users\SKaye\repos\firmware\DMInterface\LiberoProject\component\work\EvalBoardSandbox\EvalBoardSandbox.v (2024-03-26 08:32:20, 2024-03-29 14:02:51) <-- (may instantiate this module)
34       work.IO_UartTx.verilog may have changed because the following files changed:
                        C:\Users\SKaye\repos\firmware\DMInterface\LiberoProject\component\work\EvalBoardSandbox\EvalBoardSandbox.v (2024-03-26 08:32:20, 2024-03-29 14:02:51) <-- (may instantiate this module)
35       work.IO_UartTx_IO_UartTx_0_IO.verilog may have changed because the following files changed:
                        C:\Users\SKaye\repos\firmware\DMInterface\LiberoProject\component\work\EvalBoardSandbox\EvalBoardSandbox.v (2024-03-26 08:32:20, 2024-03-29 14:02:51) <-- (may instantiate this module)
18       work.MSS_025.verilog may have changed because the following files changed:
                        C:\Users\SKaye\repos\firmware\DMInterface\LiberoProject\component\work\EvalBoardSandbox\EvalBoardSandbox.v (2024-03-26 08:32:20, 2024-03-29 14:02:51) <-- (may instantiate this module)
                        C:\Users\SKaye\repos\firmware\DMInterface\LiberoProject\component\work\EvalSandbox_MSS\EvalSandbox_MSS.v (2024-03-22 14:15:08, 2024-03-29 14:02:40) <-- (may instantiate this module)
                        C:\Users\SKaye\repos\firmware\DMInterface\LiberoProject\component\work\EvalSandbox_MSS_MSS\EvalSandbox_MSS_MSS.v (2024-03-22 14:15:03, 2024-03-29 14:02:36) <-- (may instantiate this module)
                        C:\Users\SKaye\repos\firmware\DMInterface\LiberoProject\component\work\EvalSandbox_MSS_MSS\EvalSandbox_MSS_MSS_syn.v (2024-03-22 14:15:03, 2024-03-29 14:02:35) <-- (module definition)
19       work.RCOSC_1MHZ.verilog may have changed because the following files changed:
                        C:\Users\SKaye\repos\firmware\DMInterface\LiberoProject\component\work\EvalBoardSandbox\EvalBoardSandbox.v (2024-03-26 08:32:20, 2024-03-29 14:02:51) <-- (may instantiate this module)
                        C:\Users\SKaye\repos\firmware\DMInterface\LiberoProject\component\work\EvalSandbox_MSS\EvalSandbox_MSS.v (2024-03-22 14:15:08, 2024-03-29 14:02:40) <-- (may instantiate this module)
                        C:\Users\SKaye\repos\firmware\DMInterface\LiberoProject\component\work\EvalSandbox_MSS\FABOSC_0\EvalSandbox_MSS_FABOSC_0_OSC.v (2024-03-22 14:15:08, 2024-03-29 14:02:40) <-- (may instantiate this module)
20       work.RCOSC_1MHZ_FAB.verilog may have changed because the following files changed:
                        C:\Users\SKaye\repos\firmware\DMInterface\LiberoProject\component\work\EvalBoardSandbox\EvalBoardSandbox.v (2024-03-26 08:32:20, 2024-03-29 14:02:51) <-- (may instantiate this module)
                        C:\Users\SKaye\repos\firmware\DMInterface\LiberoProject\component\work\EvalSandbox_MSS\EvalSandbox_MSS.v (2024-03-22 14:15:08, 2024-03-29 14:02:40) <-- (may instantiate this module)
                        C:\Users\SKaye\repos\firmware\DMInterface\LiberoProject\component\work\EvalSandbox_MSS\FABOSC_0\EvalSandbox_MSS_FABOSC_0_OSC.v (2024-03-22 14:15:08, 2024-03-29 14:02:40) <-- (may instantiate this module)
21       work.RCOSC_25_50MHZ.verilog may have changed because the following files changed:
                        C:\Users\SKaye\repos\firmware\DMInterface\LiberoProject\component\work\EvalBoardSandbox\EvalBoardSandbox.v (2024-03-26 08:32:20, 2024-03-29 14:02:51) <-- (may instantiate this module)
                        C:\Users\SKaye\repos\firmware\DMInterface\LiberoProject\component\work\EvalSandbox_MSS\EvalSandbox_MSS.v (2024-03-22 14:15:08, 2024-03-29 14:02:40) <-- (may instantiate this module)
                        C:\Users\SKaye\repos\firmware\DMInterface\LiberoProject\component\work\EvalSandbox_MSS\FABOSC_0\EvalSandbox_MSS_FABOSC_0_OSC.v (2024-03-22 14:15:08, 2024-03-29 14:02:40) <-- (may instantiate this module)
22       work.RCOSC_25_50MHZ_FAB.verilog may have changed because the following files changed:
                        C:\Users\SKaye\repos\firmware\DMInterface\LiberoProject\component\work\EvalBoardSandbox\EvalBoardSandbox.v (2024-03-26 08:32:20, 2024-03-29 14:02:51) <-- (may instantiate this module)
                        C:\Users\SKaye\repos\firmware\DMInterface\LiberoProject\component\work\EvalSandbox_MSS\EvalSandbox_MSS.v (2024-03-22 14:15:08, 2024-03-29 14:02:40) <-- (may instantiate this module)
                        C:\Users\SKaye\repos\firmware\DMInterface\LiberoProject\component\work\EvalSandbox_MSS\FABOSC_0\EvalSandbox_MSS_FABOSC_0_OSC.v (2024-03-22 14:15:08, 2024-03-29 14:02:40) <-- (may instantiate this module)
23       work.XTLOSC.verilog may have changed because the following files changed:
                        C:\Users\SKaye\repos\firmware\DMInterface\LiberoProject\component\work\EvalBoardSandbox\EvalBoardSandbox.v (2024-03-26 08:32:20, 2024-03-29 14:02:51) <-- (may instantiate this module)
                        C:\Users\SKaye\repos\firmware\DMInterface\LiberoProject\component\work\EvalSandbox_MSS\EvalSandbox_MSS.v (2024-03-22 14:15:08, 2024-03-29 14:02:40) <-- (may instantiate this module)
                        C:\Users\SKaye\repos\firmware\DMInterface\LiberoProject\component\work\EvalSandbox_MSS\FABOSC_0\EvalSandbox_MSS_FABOSC_0_OSC.v (2024-03-22 14:15:08, 2024-03-29 14:02:40) <-- (may instantiate this module)
24       work.XTLOSC_FAB.verilog may have changed because the following files changed:
                        C:\Users\SKaye\repos\firmware\DMInterface\LiberoProject\component\work\EvalBoardSandbox\EvalBoardSandbox.v (2024-03-26 08:32:20, 2024-03-29 14:02:51) <-- (may instantiate this module)
                        C:\Users\SKaye\repos\firmware\DMInterface\LiberoProject\component\work\EvalSandbox_MSS\EvalSandbox_MSS.v (2024-03-22 14:15:08, 2024-03-29 14:02:40) <-- (may instantiate this module)
                        C:\Users\SKaye\repos\firmware\DMInterface\LiberoProject\component\work\EvalSandbox_MSS\FABOSC_0\EvalSandbox_MSS_FABOSC_0_OSC.v (2024-03-22 14:15:08, 2024-03-29 14:02:40) <-- (may instantiate this module)
25       work.coreresetp_pcie_hotreset.verilog may have changed because the following files changed:
                        C:\Users\SKaye\repos\firmware\DMInterface\LiberoProject\component\work\EvalBoardSandbox\EvalBoardSandbox.v (2024-03-26 08:32:20, 2024-03-29 14:02:51) <-- (may instantiate this module)
                        C:\Users\SKaye\repos\firmware\DMInterface\LiberoProject\component\work\EvalSandbox_MSS\EvalSandbox_MSS.v (2024-03-22 14:15:08, 2024-03-29 14:02:40) <-- (may instantiate this module)
30       work.spimasterports.spimaster may have changed because the following files changed:
                        C:\Users\SKaye\repos\firmware\DMInterface\LiberoProject\component\work\EvalBoardSandbox\EvalBoardSandbox.v (2024-03-26 08:32:20, 2024-03-29 14:02:51) <-- (may instantiate this module)

*******************************************************************
Unmodified files: 35
FID:  path (timestamp)
0        C:\Microchip\Libero_SoC_v2023.2\SynplifyPro\lib\generic\smartfusion2.v (2023-08-08 03:25:45)
1        C:\Microchip\Libero_SoC_v2023.2\SynplifyPro\lib\vhd2008\arith.vhd (2023-08-08 03:25:46)
2        C:\Microchip\Libero_SoC_v2023.2\SynplifyPro\lib\vhd2008\location.map (2023-08-08 03:25:46)
3        C:\Microchip\Libero_SoC_v2023.2\SynplifyPro\lib\vhd2008\numeric.vhd (2023-08-08 03:25:46)
4        C:\Microchip\Libero_SoC_v2023.2\SynplifyPro\lib\vhd2008\std.vhd (2023-08-08 03:25:46)
5        C:\Microchip\Libero_SoC_v2023.2\SynplifyPro\lib\vhd2008\std1164.vhd (2023-08-08 03:25:46)
6        C:\Microchip\Libero_SoC_v2023.2\SynplifyPro\lib\vhd2008\std_textio.vhd (2023-08-08 03:25:46)
7        C:\Microchip\Libero_SoC_v2023.2\SynplifyPro\lib\vhd2008\unsigned.vhd (2023-08-08 03:25:46)
8        C:\Microchip\Libero_SoC_v2023.2\SynplifyPro\lib\vhd\hyperents.vhd (2023-08-08 03:25:46)
9        C:\Microchip\Libero_SoC_v2023.2\SynplifyPro\lib\vhd\snps_haps_pkg.vhd (2023-08-08 03:25:46)
10       C:\Microchip\Libero_SoC_v2023.2\SynplifyPro\lib\vhd\umr_capim.vhd (2023-08-08 03:25:46)
11       C:\Microchip\Libero_SoC_v2023.2\SynplifyPro\lib\vlog\hypermods.v (2023-08-08 03:25:46)
12       C:\Microchip\Libero_SoC_v2023.2\SynplifyPro\lib\vlog\scemi_objects.v (2023-08-08 03:25:46)
13       C:\Microchip\Libero_SoC_v2023.2\SynplifyPro\lib\vlog\scemi_pipes.svh (2023-08-08 03:25:46)
14       C:\Microchip\Libero_SoC_v2023.2\SynplifyPro\lib\vlog\umr_capim.v (2023-08-08 03:25:46)
15       C:\Users\SKaye\repos\firmware\DMInterface\LiberoProject\component\Actel\DirectCore\CoreAPB3\4.1.100\rtl\vlog\core\coreapb3.v (2023-09-19 10:36:57)
16       C:\Users\SKaye\repos\firmware\DMInterface\LiberoProject\component\Actel\DirectCore\CoreAPB3\4.1.100\rtl\vlog\core\coreapb3_iaddr_reg.v (2023-09-19 10:36:57)
17       C:\Users\SKaye\repos\firmware\DMInterface\LiberoProject\component\Actel\DirectCore\CoreAPB3\4.1.100\rtl\vlog\core\coreapb3_muxptob3.v (2023-09-19 10:36:57)
18       C:\Users\SKaye\repos\firmware\DMInterface\LiberoProject\component\Actel\DirectCore\CoreResetP\7.1.100\rtl\vlog\core\coreresetp.v (2023-09-18 14:43:35)
19       C:\Users\SKaye\repos\firmware\DMInterface\LiberoProject\component\Actel\DirectCore\CoreResetP\7.1.100\rtl\vlog\core\coreresetp_pcie_hotreset.v (2023-09-18 14:43:35)
20       C:\Users\SKaye\repos\firmware\DMInterface\LiberoProject\component\Actel\SgCore\OSC\2.0.101\osc_comps.v (2023-09-18 14:43:36)
21       C:\Users\SKaye\repos\firmware\DMInterface\LiberoProject\component\work\CoreUARTapb_C0\CoreUARTapb_C0.v (2024-01-31 15:57:52)
22       C:\Users\SKaye\repos\firmware\DMInterface\LiberoProject\component\work\CoreUARTapb_C0\CoreUARTapb_C0_0\rtl\vlog\core_obfuscated\Clock_gen.v (2024-01-31 15:57:52)
23       C:\Users\SKaye\repos\firmware\DMInterface\LiberoProject\component\work\CoreUARTapb_C0\CoreUARTapb_C0_0\rtl\vlog\core_obfuscated\CoreUART.v (2024-01-31 15:57:52)
24       C:\Users\SKaye\repos\firmware\DMInterface\LiberoProject\component\work\CoreUARTapb_C0\CoreUARTapb_C0_0\rtl\vlog\core_obfuscated\CoreUARTapb.v (2024-01-31 15:57:52)
25       C:\Users\SKaye\repos\firmware\DMInterface\LiberoProject\component\work\CoreUARTapb_C0\CoreUARTapb_C0_0\rtl\vlog\core_obfuscated\Rx_async.v (2024-01-31 15:57:52)
26       C:\Users\SKaye\repos\firmware\DMInterface\LiberoProject\component\work\CoreUARTapb_C0\CoreUARTapb_C0_0\rtl\vlog\core_obfuscated\Tx_async.v (2024-01-31 15:57:52)
27       C:\Users\SKaye\repos\firmware\DMInterface\LiberoProject\component\work\CoreUARTapb_C0\CoreUARTapb_C0_0\rtl\vlog\core_obfuscated\fifo_256x8_g4.v (2024-01-31 15:57:52)
39       C:\Users\SKaye\repos\firmware\DMInterface\LiberoProject\component\work\IO_C0\IO_C0.v (2024-03-12 08:57:27)
40       C:\Users\SKaye\repos\firmware\DMInterface\LiberoProject\component\work\IO_C0\IO_C0_0\IO_C0_IO_C0_0_IO.v (2024-03-12 08:57:27)
41       C:\Users\SKaye\repos\firmware\DMInterface\LiberoProject\component\work\IO_C1\IO_C1.v (2024-03-12 08:59:57)
42       C:\Users\SKaye\repos\firmware\DMInterface\LiberoProject\component\work\IO_C1\IO_C1_0\IO_C1_IO_C1_0_IO.v (2024-03-12 08:59:57)
37       C:\Users\SKaye\repos\firmware\DMInterface\LiberoProject\component\work\IO_UartTx\IO_UartTx.v (2024-03-07 09:02:51)
38       C:\Users\SKaye\repos\firmware\DMInterface\LiberoProject\component\work\IO_UartTx\IO_UartTx_0\IO_UartTx_IO_UartTx_0_IO.v (2024-03-07 09:02:50)
35       C:\Users\SKaye\repos\firmware\DMInterface\LiberoProject\hdl\SpiMasterAPB3.vhd (2024-03-26 08:31:57)

*******************************************************************
Unchanged modules: 0
MID:  lib.cell.view
