----------------------------------------------------------------
-Pin Report - Date: Tue Mar 12 14:39:30 2024 Pinchecksum: NOT-AVAILABLE
-Product: Designer
-Release: v2023.2 SP1
-Version: 2023.2.0.10
-Design Name: Ux2FPGA
-Family: SmartFusion2
-Die: M2S025
-Package: 256 VF
-----------------------------------------------------------------

Number |Port        |Function                                   |State      |I/O Std  |Direction |I/O state in Flash*Freeze mode |Resistor Pull |I/O available in Flash*Freeze mode |Schmitt Trigger |Odt_Static |Odt Imp (Ohm) |Low Power Exit |Input Delay |Slew |Pre-Emphasis |Output Drive (mA) |Output Load (pF) |
-------|------------|-------------------------------------------|-----------|---------|----------|-------------------------------|--------------|-----------------------------------|----------------|-----------|--------------|---------------|------------|-----|-------------|------------------|-----------------|
A1                   VDDI0                                       Reserved    
A2                   DDRIO60NB0/MDDR_DQ1                         Unassigned  
A3                   DDRIO57PB0/MDDR_DM_RDQS0                    Unassigned  
A4                   DDRIO58NB0/MDDR_DQS0_N                      Unassigned  
A5                   DDRIO58PB0/MDDR_DQS0                        Unassigned  
A6                   VSS                                         Reserved    
A7                   DDRIO55PB0/MDDR_DQ7                         Unassigned  
A8                   DDRIO55NB0/MDDR_TMATCH_0_OUT                Unassigned  
A9                   DDRIO52PB0/MDDR_DQS1/GB8/CCC_NE0_CLKI3      Special     
A10                  DDRIO52NB0/MDDR_DQS1_N                      Unassigned  
A11                  VDDI0                                       Reserved    
A12                  DDRIO46NB0/MDDR_CAS_N                       Unassigned  
A13                  DDRIO46PB0/MDDR_RESET_N                     Unassigned  
A14                  DDRIO45PB0/MDDR_CLK                         Unassigned  
A15                  DDRIO45NB0/MDDR_CLK_N                       Unassigned  
A16                  VSS                                         Reserved    
B1                   DDRIO64NB0/MDDR_DQS_ECC_N                   Unassigned  
B2                   DDRIO60PB0/MDDR_DQ0                         Unassigned  
B3                   DDRIO57NB0/MDDR_DQ4                         Unassigned  
B4                   VDDI0                                       Reserved    
B5                   DDRIO59NB0/MDDR_DQ3                         Unassigned  
B6                   DDRIO59PB0/MDDR_DQ2                         Unassigned  
B7                   DDRIO56PB0/MDDR_DQ5                         Unassigned  
B8                   DDRIO51PB0/MDDR_TMATCH_0_IN                 Unassigned  
B9                   VSS                                         Reserved    
B10                  DDRIO50NB0/MDDR_DQ13                        Unassigned  
B11                  DDRIO50PB0/MDDR_DQ12/GB12/CCC_NE1_CLKI2     Special     
B12                  DDRIO48PB0/MDDR_RAS_N                       Unassigned  
B13                  DDRIO43PB0/MDDR_BA2                         Unassigned  
B14                  VDDI0                                       Reserved    
B15                  DDRIO35NB0/MDDR_ADDR15                      Unassigned  
B16                  DDRIO41PB0/MDDR_ADDR3                       Unassigned  
C1                   DDRIO64PB0/MDDR_DQS_ECC                     Unassigned  
C2                   VSS                                         Reserved    
C3                   DDRIO63NB0/MDDR_DM_RDQS_ECC                 Unassigned  
C4                   DDRIO63PB0/MDDR_TMATCH_ECC_IN               Unassigned  
C5                   DDRIO62PB0/MDDR_DQ_ECC3                     Unassigned  
C6                   DDRIO56NB0/MDDR_DQ6                         Unassigned  
C7                   VDDI0                                       Reserved    
C8                   DDRIO54PB0/MDDR_DQ8                         Unassigned  
C9                   DDRIO54NB0/MDDR_DQ9                         Unassigned  
C10                  DDRIO51NB0/MDDR_DM_RDQS1                    Unassigned  
C11                  DDRIO48NB0/MDDR_WE_N                        Unassigned  
C12                  DDRIO44PB0/MDDR_BA0                         Unassigned  
C13                  VSS                                         Reserved    
C14                  DDRIO43NB0/MDDR_ADDR0                       Unassigned  
C15                  DDRIO35PB0/MDDR_ADDR14                      Unassigned  
C16                  DDRIO41NB0/MDDR_ADDR4                       Unassigned  
D1                   DDRIO61PB0/CCC_NW1_CLKI3                    Special     
D2                   DDRIO61NB0                                  Unassigned  
D3                   DDRIO66PB0/MDDR_TMATCH_ECC_OUT              Unassigned  
D4                   DDRIO65PB0/GB0/CCC_NW0_CLKI3                Special     
D5                   VSS                                         Reserved    
D6                   DDRIO62NB0/MDDR_DQ_ECC2                     Unassigned  
D7                   DDRIO53PB0/MDDR_DQ10/CCC_NE0_CLKI2          Special     
D8                   DDRIO53NB0/MDDR_DQ11                        Unassigned  
D9                   DDRIO49PB0/MDDR_DQ14/CCC_NE1_CLKI3          Special     
D10                  VDDI0                                       Reserved    
D11                  DDRIO47NB0/MDDR_CS_N                        Unassigned  
D12                  DDRIO44NB0/MDDR_BA1                         Unassigned  
D13                  DDRIO36NB0/MDDR_ADDR13                      Unassigned  
D14                  DDRIO36PB0/MDDR_ADDR12                      Unassigned  
D15                  VSS                                         Reserved    
D16                  DDRIO40PB0/MDDR_ADDR5                       Unassigned  
E1                   MDDR_IMP_CALIB                              Reserved    
E2                   DDRIO66NB0/CCC_NW0_CLKI2                    Special     
E3                   VDDI0                                       Reserved    
E4                   DDRIO65NB0/GB4/CCC_NW1_CLKI2                Special     
E5                   CCC_NW0_NW1_PLL_VSSA                        Reserved    
E6                   CCC_NW0_NW1_PLL_VDDA                        Reserved    
E7                   VREF0                                       Reserved    
E8                   DDRIO49NB0/MDDR_DQ15                        Unassigned  
E9                   VREF0                                       Reserved    
E10                  DDRIO47PB0/MDDR_CKE                         Unassigned  
E11                  DDRIO42PB0/MDDR_ADDR1                       Unassigned  
E12                  DDRIO42NB0/MDDR_ADDR2                       Unassigned  
E13                  VDDI0                                       Reserved    
E14                  DDRIO37PB0/MDDR_ADDR10                      Unassigned  
E15                  DDRIO38NB0/MDDR_ADDR9                       Unassigned  
E16                  DDRIO40NB0/MDDR_ADDR6                       Unassigned  
F1                   VSS                                         Reserved    
F2      SckADCs      MSIO97NB7                                   Fixed       LVCMOS33  Output     TRISTATE                        None           No                                  ---              ---         ---            ---             ---          ---   ---           4                  5                 
F3      PAD_OUT[0]   MSIO96NB7                                   Fixed       LVCMOS33  Output     TRISTATE                        None           No                                  ---              ---         ---            ---             ---          ---   ---           4                  5                 
F4                   MSIO96PB7/GB6/CCC_NW1_CLKI1                 Special     
F5      PAD_OUT[2]   MSIO95NB7                                   Fixed       LVCMOS33  Output     TRISTATE                        None           No                                  ---              ---         ---            ---             ---          ---   ---           4                  5                 
F6                   VDDI7                                       Reserved    
F7                   VSS                                         Reserved    
F8                   VDDI0                                       Reserved    
F9                   VSS                                         Reserved    
F10                  VDDI0                                       Reserved    
F11                  CCC_NE0_NE1_MSS_MDDR_PLL_VDDA               Reserved    
F12                  CCC_NE0_NE1_MSS_MDDR_PLL_VSSA               Reserved    
F13                  DDRIO37NB0/MDDR_ADDR11                      Unassigned  
F14                  DDRIO38PB0/MDDR_ADDR8                       Unassigned  
F15                  DDRIO39NB0/MDDR_ADDR7                       Unassigned  
F16                  DDRIO39PB0/MDDR_ODT                         Unassigned  
G1                   MSIO97PB7/GB2/CCC_NW0_CLKI1                 Special     
G2                   MSIO98NB7                                   Unassigned  
G3      MosiF        MSIO98PB7/CCC_NW1_CLKI0                     Special     LVCMOS33  Output     TRISTATE                        None           No                                  ---              ---         ---            ---             ---          ---   ---           4                  5                 
G4                   VSS                                         Reserved    
G5      MisoF        MSIO95PB7                                   Fixed       LVCMOS33  Input      TRISTATE                        None           No                                  Off              ---         ---            Off             Off          ---   ---           ---                ---               
G6                   VSS                                         Reserved    
G7                   VDD                                         Reserved    
G8                   VSS                                         Reserved    
G9                   VDD                                         Reserved    
G10                  VSS                                         Reserved    
G11                  VDDI1                                       Reserved    
G12     MisoMon1     MSI32NB1/MMUART_0_TXD/GPIO_27_B             Fixed       LVCMOS33  Input      TRISTATE                        None           No                                  Off              ---         ---            Off             Off          ---   ---           ---                ---               
G13                  MSIO33PB1/MMUART_0_RXD/GPIO_28_B            Unassigned  
G14     PAD_IN_0[5]  MSIO15NB2/SPI_0_SS7/GPIO_22_A               Fixed       LVCMOS33  Input      TRISTATE                        None           No                                  Off              ---         ---            Off             Off          ---   ---           ---                ---               
G15                  VSS                                         Reserved    
G16     nCsMonAdc    MSIO14NB2/SPI_0_SS5/GPIO_20_A               Fixed       LVCMOS33  Output     TRISTATE                        None           No                                  ---              ---         ---            ---             ---          ---   ---           4                  5                 
H1      test[2]      MSIOD103PB6/CCC_SW0_CLKI0                   Special     LVCMOS25  Output     TRISTATE                        None           No                                  ---              ---         ---            ---             ---          SLOW  ---           4                  5                 
H2                   VDDI7                                       Reserved    
H3      PAD_OUT[1]   MSIO99PB7/CCC_NW0_CLKI0                     Special     LVCMOS33  Output     TRISTATE                        None           No                                  ---              ---         ---            ---             ---          ---   ---           4                  5                 
H4      nCsF         MSIO99NB7                                   Fixed       LVCMOS33  Output     TRISTATE                        None           No                                  ---              ---         ---            ---             ---          ---   ---           4                  5                 
H5      test[1]      MSIOD100PB6/GB5/CCC_SW1_CLKI1               Special     LVCMOS25  Output     TRISTATE                        None           No                                  ---              ---         ---            ---             ---          SLOW  ---           4                  5                 
H6                   VDDI6                                       Reserved    
H7                   VSS                                         Reserved    
H8                   VDD                                         Reserved    
H9                   VSS                                         Reserved    
H10                  VPP                                         Reserved    
H11                  FLASH_GOLDEN_N                              Reserved    
H12     MisoMon0     MSIO27NB1/MMUART_1_TXD/GPIO_24_B            Fixed       LVCMOS33  Input      TRISTATE                        None           No                                  Off              ---         ---            Off             Off          ---   ---           ---                ---               
H13     PAD_IN_0[6]  MSIO28NB1/MMUART_1_RXD/GPIO_26_B            Fixed       LVCMOS33  Input      TRISTATE                        None           No                                  Off              ---         ---            Off             Off          ---   ---           ---                ---               
H14                  MSIO15PB2/SPI_0_SS6/GPIO_21_A               Unassigned  
H15                  MSIO14PB2/SPI_0_SS4/GPIO_19_A               Unassigned  
H16     CLK0         MSIO11NB2/I2C_1_SCL/GPIO_1_A/CCC_NE1_CLKI0  Special     LVCMOS33  Input      TRISTATE                        None           No                                  Off              ---         ---            Off             Off          ---   ---           ---                ---               
J1      test[5]      MSIOD118PB5                                 Fixed       LVCMOS25  Output     TRISTATE                        None           No                                  ---              ---         ---            ---             ---          SLOW  ---           4                  5                 
J2      test[6]      MSIOD118NB5                                 Fixed       LVCMOS25  Output     TRISTATE                        None           No                                  ---              ---         ---            ---             ---          SLOW  ---           4                  5                 
J3      test[3]      MSIOD102PB6/CCC_SW1_CLKI0                   Special     LVCMOS25  Output     TRISTATE                        None           No                                  ---              ---         ---            ---             ---          SLOW  ---           4                  5                 
J4                   VSS                                         Reserved    
J5      test[4]      MSIOD101PB6/GB1/CCC_SW0_CLKI1               Special     LVCMOS25  Output     TRISTATE                        None           No                                  ---              ---         ---            ---             ---          SLOW  ---           4                  5                 
J6                   VSS                                         Reserved    
J7                   VDD                                         Reserved    
J8                   VSS                                         Reserved    
J9                   VDD                                         Reserved    
J10                  VSS                                         Reserved    
J11                  VDDI2                                       Reserved    
J12     PAD_IN_0[4]  MSIO13NB2/SPI_0_SS0/GPIO_7_A                Fixed       LVCMOS33  Input      TRISTATE                        None           No                                  Off              ---         ---            Off             Off          ---   ---           ---                ---               
J13     PAD_OUT[3]   MSIO12NB2/SPI_0_SDI/GPIO_5_A                Fixed       LVCMOS33  Output     TRISTATE                        None           No                                  ---              ---         ---            ---             ---          ---   ---           4                  5                 
J14     SckMonAdc    MSIO12PB2/SPI_0_CLK                         Fixed       LVCMOS33  Output     TRISTATE                        None           No                                  ---              ---         ---            ---             ---          ---   ---           4                  5                 
J15                  VDDI2                                       Reserved    
J16     PAD_IN_0[3]  MSIO11PB2/I2C_1_SDA/GPIO_0_A/CCC_NE0_CLKI0  Special     LVCMOS33  Input      TRISTATE                        None           No                                  Off              ---         ---            Off             Off          ---   ---           ---                ---               
K1      test[7]      MSIOD119NB5                                 Fixed       LVCMOS25  Output     TRISTATE                        None           No                                  ---              ---         ---            ---             ---          SLOW  ---           4                  5                 
K2                   VDDI5                                       Reserved    
K3                   DNC                                         Reserved    
K4                   VSS                                         Reserved    
K5                   VPP                                         Reserved    
K6                   CCC_SW0_SW1_PLL_VSSA                        Reserved    
K7                   VSS                                         Reserved    
K8                   VDD                                         Reserved    
K9                   VSS                                         Reserved    
K10                  VDD                                         Reserved    
K11                  VPPNVM                                      Reserved    
K12                  MSIO13PB2/SPI_0_SDO/GPIO_6_A                Unassigned  
K13                  VSS                                         Reserved    
K14     PAD_IN_0[2]  MSIO6PB2/USB_DATA6_B                        Fixed       LVCMOS33  Input      TRISTATE                        None           No                                  Off              ---         ---            Off             Off          ---   ---           ---                ---               
K15                  MSIO6NB2                                    Unassigned  
K16     PAD_IN_0[1]  MSIO4PB2/USB_DATA2_B                        Fixed       LVCMOS33  Input      TRISTATE                        None           No                                  Off              ---         ---            Off             Off          ---   ---           ---                ---               
L1      test[8]      MSIOD119PB5                                 Fixed       LVCMOS25  Output     TRISTATE                        None           No                                  ---              ---         ---            ---             ---          SLOW  ---           4                  5                 
L2                   DNC                                         Reserved    
L3                   VDD                                         Reserved    
L4                   VSS                                         Reserved    
L5                   CCC_SW0_SW1_PLL_VDDA                        Reserved    
L6                   VSS                                         Reserved    
L7                   VDD                                         Reserved    
L8                   VSS                                         Reserved    
L9                   VPP                                         Reserved    
L10                  VSSNVM                                      Reserved    
L11                  MSIO3PB2/USB_DATA0_B                        Unassigned  
L12                  MSIO3NB2/USB_DATA1_B                        Unassigned  
L13     MosiA        MSIO5NB2/USB_DATA5_B                        Fixed       LVCMOS33  Output     TRISTATE                        None           No                                  ---              ---         ---            ---             ---          ---   ---           4                  5                 
L14                  MSIO5PB2/USB_DATA4_B                        Unassigned  
L15                  MSIO4NB2/USB_DATA3_B                        Unassigned  
L16                  VSS                                         Reserved    
M1                   VSS                                         Reserved    
M2                   VSS                                         Reserved    
M3                   VSS                                         Reserved    
M4                   VDD                                         Reserved    
M5                   VDD                                         Reserved    
M6                   VDD                                         Reserved    
M7                   MSIO125PB4/GB3/CCC_SW0_CLKI3                Special     
M8                   MSIO129NB4                                  Unassigned  
M9      nCsC         MSIO132PB4                                  Fixed       LVCMOS33  Output     TRISTATE                        None           No                                  ---              ---         ---            ---             ---          ---   ---           4                  5                 
M10     MosiMonAdc   MSIO132NB4                                  Fixed       LVCMOS33  Output     TRISTATE                        None           No                                  ---              ---         ---            ---             ---          ---   ---           4                  5                 
M11                  DEVRST_N                                    Reserved    
M12                  JTAGSEL                                     Reserved    
M13                  MSIO2NB2/USB_NXT_B                          Unassigned  
M14                  VDDI2                                       Reserved    
M15                  MSIO0PB2                                    Unassigned  
M16     PAD_IN_0[0]  MSIO1NB2/USB_DIR_B                          Fixed       LVCMOS33  Input      TRISTATE                        None           No                                  Off              ---         ---            Off             Off          ---   ---           ---                ---               
N1                   VSS                                         Reserved    
N2                   VSS                                         Reserved    
N3                   VSS                                         Reserved    
N4                   VSS                                         Reserved    
N5                   VDD                                         Reserved    
N6                   VSS                                         Reserved    
N7                   MSIO125NB4/GB7/CCC_SW1_CLKI2                Special     
N8      PAD_IN_0[7]  MSIO129PB4/CCC_SW1_CLKI3                    Special     LVCMOS33  Input      TRISTATE                        None           No                                  Off              ---         ---            Off             Off          ---   ---           ---                ---               
N9                   VSS                                         Reserved    
N10                  MSIO133NB4                                  Unassigned  
N11                  JTAG_TMS/M3_TMS/M3_SWDIO                    Reserved    
N12                  VDDI3                                       Reserved    
N13                  JTAG_TRSTB/M3_TRSTB                         Reserved    
N14     MisoA        MSIO2PB2/USB_STP_B                          Fixed       LVCMOS33  Input      TRISTATE                        None           No                                  Off              ---         ---            Off             Off          ---   ---           ---                ---               
N15     MosiB        MSIO0NB2/USB_DATA7_B                        Fixed       LVCMOS33  Output     TRISTATE                        None           No                                  ---              ---         ---            ---             ---          ---   ---           4                  5                 
N16     MisoB        MSIO1PB2/USB_XCLK_B                         Fixed       LVCMOS33  Input      TRISTATE                        None           No                                  Off              ---         ---            Off             Off          ---   ---           ---                ---               
P1                   VSS                                         Reserved    
P2                   VSS                                         Reserved    
P3                   VSS                                         Reserved    
P4                   VSS                                         Reserved    
P5                   VSS                                         Reserved    
P6                   MSIO121PB4/PROBE_A                          Unassigned  
P7      nCsD         MSIO121NB4/PROBE_B                          Fixed       LVCMOS33  Output     TRISTATE                        None           No                                  ---              ---         ---            ---             ---          ---   ---           4                  5                 
P8                   MSIO126NB4                                  Unassigned  
P9                   MSIO131PB4/GB11/VCCC_SE0_CLKI               Special     
P10     MisoC        MSIO133PB4/GB15/VCCC_SE1_CLKI               Special     LVCMOS33  Input      TRISTATE                        None           No                                  Off              ---         ---            Off             Off          ---   ---           ---                ---               
P11                  VDDI4                                       Reserved    
P12     nCsA         MSIO143PB4                                  Fixed       LVCMOS33  Output     TRISTATE                        None           No                                  ---              ---         ---            ---             ---          ---   ---           4                  5                 
P13                  MSIO143NB4                                  Unassigned  
P14                  JTAG_TDO/M3_TDO/M3_SWO                      Reserved    
P15                  VSS                                         Reserved    
P16                  JTAG_TDI/M3_TDI                             Reserved    
R1                   VSS                                         Reserved    
R2                   DNC                                         Reserved    
R3                   VSS                                         Reserved    
R4                   DNC                                         Reserved    
R5                   VSS                                         Reserved    
R6                   MSIO120PB4                                  Unassigned  
R7                   VDDI4                                       Reserved    
R8      MisoE        MSIO126PB4                                  Fixed       LVCMOS33  Input      TRISTATE                        None           No                                  Off              ---         ---            Off             Off          ---   ---           ---                ---               
R9      MosiD        MSIO130NB4                                  Fixed       LVCMOS33  Output     TRISTATE                        None           No                                  ---              ---         ---            ---             ---          ---   ---           4                  5                 
R10     MosiC        MSIO131NB4                                  Fixed       LVCMOS33  Output     TRISTATE                        None           No                                  ---              ---         ---            ---             ---          ---   ---           4                  5                 
R11     nCsB         MSIO134NB4                                  Fixed       LVCMOS33  Output     TRISTATE                        None           No                                  ---              ---         ---            ---             ---          ---   ---           4                  5                 
R12     Tx[0]        MSIO138NB4                                  Fixed       LVCMOS33  Output     TRISTATE                        None           No                                  ---              ---         ---            ---             ---          ---   ---           4                  5                 
R13     PAD_IN_0[8]  MSIO145NB4                                  Fixed       LVCMOS33  Input      TRISTATE                        None           No                                  Off              ---         ---            Off             Off          ---   ---           ---                ---               
R14                  JTAG_TCK/M3_TCK                             Reserved    
R15                  XTLOSC_MAIN_EXTAL                           Reserved    
R16                  XTLOSC_MAIN_XTAL                            Reserved    
T1                   VSS                                         Reserved    
T2                   DNC                                         Reserved    
T3                   VSS                                         Reserved    
T4                   DNC                                         Reserved    
T5                   VSS                                         Reserved    
T6      nCsE         MSIO120NB4/CCC_SW0_CLKI2                    Special     LVCMOS33  Output     TRISTATE                        None           No                                  ---              ---         ---            ---             ---          ---   ---           4                  5                 
T7                   MSIO122PB4                                  Unassigned  
T8      MosiE        MSIO122NB4                                  Fixed       LVCMOS33  Output     TRISTATE                        None           No                                  ---              ---         ---            ---             ---          ---   ---           4                  5                 
T9      MisoD        MSIO130PB4/VCCC_SE0_CLKI                    Special     LVCMOS33  Input      TRISTATE                        None           No                                  Off              ---         ---            Off             Off          ---   ---           ---                ---               
T10                  VSS                                         Reserved    
T11                  MSIO134PB4/VCCC_SE1_CLKI                    Special     
T12     RX           MSIO138PB4                                  Fixed       LVCMOS33  Input      TRISTATE                        Down           No                                  Off              ---         ---            Off             Off          ---   ---           ---                ---               
T13                  MSIO145PB4                                  Unassigned  
T14                  VSS                                         Reserved    
T15                  XTLOSC_AUX_XTAL                             Reserved    
T16                  XTLOSC_AUX_EXTAL                            Reserved    
