Resource Usage Report for EvalBoardSandbox 

Mapping to part: m2s010vf400std
Cell usage:
CCC             1 use
CLKINT          10 uses
MSS_010         1 use
RCOSC_25_50MHZ  1 use
RCOSC_25_50MHZ_FAB  1 use
SYSRESET        1 use
CFG1           9 uses
CFG2           80 uses
CFG3           95 uses
CFG4           207 uses

Carry cells:
ARI1            175 uses - used for arithmetic functions
ARI1            37 uses - used for Wide-Mux implementation
Total ARI1      212 uses


Sequential Cells: 
SLE            458 uses

DSP Blocks:    0 of 22 (0%)

I/O ports: 52
I/O primitives: 49
BIBUF          9 uses
BIBUF_DIFF     1 use
INBUF          2 uses
OUTBUF         36 uses
OUTBUF_DIFF    1 use


Global Clock Buffers: 10

Total LUTs:    603

Extra resources required for RAM and MACC interface logic during P&R:

RAM64x18 Interface Logic : SLEs = 0; LUTs = 0;
RAM1K18  Interface Logic : SLEs = 72; LUTs = 72;
MACC     Interface Logic : SLEs = 0; LUTs = 0;

Total number of SLEs after P&R:  458 + 0 + 72 + 0 = 530;
Total number of LUTs after P&R:  603 + 0 + 72 + 0 = 675;

