Assembler report for MountainOperator
Mon Feb 28 15:35:09 2022
Quartus Prime Version 15.1.0 Build 185 10/21/2015 SJ Lite Edition


---------------------
; Table of Contents ;
---------------------
  1. Legal Notice
  2. Assembler Summary
  3. Assembler Settings
  4. Assembler Generated Files
  5. Assembler Device Options: MountainOperator.sof
  6. Assembler Messages



----------------
; Legal Notice ;
----------------
Copyright (C) 1991-2015 Altera Corporation. All rights reserved.
Your use of Altera Corporation's design tools, logic functions 
and other software and tools, and its AMPP partner logic 
functions, and any output files from any of the foregoing 
(including device programming or simulation files), and any 
associated documentation or information are expressly subject 
to the terms and conditions of the Altera Program License 
Subscription Agreement, the Altera Quartus Prime License Agreement,
the Altera MegaCore Function License Agreement, or other 
applicable license agreement, including, without limitation, 
that your use is for the sole purpose of programming logic 
devices manufactured by Altera and sold by Altera or its 
authorized distributors.  Please refer to the applicable 
agreement for further details.



+---------------------------------------------------------------+
; Assembler Summary                                             ;
+-----------------------+---------------------------------------+
; Assembler Status      ; Successful - Mon Feb 28 15:35:09 2022 ;
; Revision Name         ; MountainOperator                      ;
; Top-level Entity Name ; MountainOperatorPorts                 ;
; Family                ; MAX 10                                ;
; Device                ; 10M08DAF256I7G                        ;
+-----------------------+---------------------------------------+


+----------------------------------------------------------------------------------------------------------+
; Assembler Settings                                                                                       ;
+-----------------------------------------------------------------------------+------------+---------------+
; Option                                                                      ; Setting    ; Default Value ;
+-----------------------------------------------------------------------------+------------+---------------+
; Use smart compilation                                                       ; Off        ; Off           ;
; Enable parallel Assembler and TimeQuest Timing Analyzer during compilation  ; On         ; On            ;
; Enable compact report table                                                 ; Off        ; Off           ;
; Generate compressed bitstreams                                              ; On         ; On            ;
; Compression mode                                                            ; Off        ; Off           ;
; Clock source for configuration device                                       ; Internal   ; Internal      ;
; Clock frequency of the configuration device                                 ; 10 MHZ     ; 10 MHz        ;
; Divide clock frequency by                                                   ; 1          ; 1             ;
; Auto user code                                                              ; On         ; On            ;
; Use configuration device                                                    ; On         ; On            ;
; Configuration device                                                        ; Auto       ; Auto          ;
; Configuration device auto user code                                         ; Off        ; Off           ;
; Generate Tabular Text File (.ttf) For Target Device                         ; Off        ; Off           ;
; Generate Raw Binary File (.rbf) For Target Device                           ; Off        ; Off           ;
; Generate Hexadecimal (Intel-Format) Output File (.hexout) for Target Device ; Off        ; Off           ;
; Hexadecimal Output File start address                                       ; 0          ; 0             ;
; Hexadecimal Output File count direction                                     ; Up         ; Up            ;
; Release clears before tri-states                                            ; Off        ; Off           ;
; Auto-restart configuration after error                                      ; On         ; On            ;
; Enable OCT_DONE                                                             ; On         ; On            ;
; Power On Reset scheme                                                       ; Instant ON ; Instant ON    ;
; Set IO to weak pull-up prior to usermode                                    ; On         ; On            ;
; Set SPI IO pins to weak pull-up prior to usermode                           ; On         ; On            ;
; Verify protect                                                              ; Off        ; Off           ;
; Generate Serial Vector Format File (.svf) for Target Device                 ; Off        ; Off           ;
; Generate a JEDEC STAPL Format File (.jam) for Target Device                 ; Off        ; Off           ;
; Generate a compressed Jam STAPL Byte Code 2.0 File (.jbc) for Target Device ; Off        ; Off           ;
; Generate a compressed Jam STAPL Byte Code 2.0 File (.jbc) for Target Device ; On         ; On            ;
; In-System Programming Default Clamp State                                   ; Tri-state  ; Tri-state     ;
+-----------------------------------------------------------------------------+------------+---------------+


+---------------------------+
; Assembler Generated Files ;
+---------------------------+
; File Name                 ;
+---------------------------+
; MountainOperator.sof      ;
+---------------------------+


+------------------------------------------------+
; Assembler Device Options: MountainOperator.sof ;
+----------------+-------------------------------+
; Option         ; Setting                       ;
+----------------+-------------------------------+
; Device         ; 10M08DAF256I7G                ;
; JTAG usercode  ; 0x002822FD                    ;
; Checksum       ; 0x002822FD                    ;
+----------------+-------------------------------+


+--------------------+
; Assembler Messages ;
+--------------------+
Info: *******************************************************************
Info: Running Quartus Prime Assembler
    Info: Version 15.1.0 Build 185 10/21/2015 SJ Lite Edition
    Info: Copyright (C) 1991-2015 Altera Corporation. All rights reserved.
    Info: Your use of Altera Corporation's design tools, logic functions 
    Info: and other software and tools, and its AMPP partner logic 
    Info: functions, and any output files from any of the foregoing 
    Info: (including device programming or simulation files), and any 
    Info: associated documentation or information are expressly subject 
    Info: to the terms and conditions of the Altera Program License 
    Info: Subscription Agreement, the Altera Quartus Prime License Agreement,
    Info: the Altera MegaCore Function License Agreement, or other 
    Info: applicable license agreement, including, without limitation, 
    Info: that your use is for the sole purpose of programming logic 
    Info: devices manufactured by Altera and sold by Altera or its 
    Info: authorized distributors.  Please refer to the applicable 
    Info: agreement for further details.
    Info: Processing started: Mon Feb 28 15:35:08 2022
Info: Command: quartus_asm MountainOperator
Info (115031): Writing out detailed assembly data for power analysis
Info (115030): Assembler is generating device programming files
Info: Quartus Prime Assembler was successful. 0 errors, 0 warnings
    Info: Peak virtual memory: 998 megabytes
    Info: Processing ended: Mon Feb 28 15:35:09 2022
    Info: Elapsed time: 00:00:01
    Info: Total CPU time (on all processors): 00:00:01


